0 info it worked if it ends with ok
1 verbose cli [ '/usr/bin/node', '/usr/bin/npm', 'install' ]
2 info using npm@3.5.2
3 info using node@v8.10.0
4 silly loadCurrentTree Starting
5 silly install loadCurrentTree
6 silly install readLocalPackageData
7 silly install normalizeTree
8 silly loadCurrentTree Finishing
9 silly loadIdealTree Starting
10 silly install loadIdealTree
11 silly cloneCurrentTree Starting
12 silly install cloneCurrentTreeToIdealTree
13 silly cloneCurrentTree Finishing
14 silly loadShrinkwrap Starting
15 silly install loadShrinkwrap
16 silly loadShrinkwrap Finishing
17 silly loadAllDepsIntoIdealTree Starting
18 silly install loadAllDepsIntoIdealTree
19 silly fetchNamedPackageData fsevents
20 silly mapToRegistry name fsevents
21 silly mapToRegistry using default registry
22 silly mapToRegistry registry https://registry.npmjs.org/
23 silly mapToRegistry uri https://registry.npmjs.org/fsevents
24 verbose request uri https://registry.npmjs.org/fsevents
25 verbose request no auth needed
26 info attempt registry request try #1 at 22:16:26
27 verbose request id 0d7819a5fc109717
28 verbose etag W/"4e2d025a461db5c4ab6181083820f034"
29 verbose lastModified Sat, 09 Nov 2019 17:08:34 GMT
30 http request GET https://registry.npmjs.org/fsevents
31 http 304 https://registry.npmjs.org/fsevents
32 verbose headers { date: 'Wed, 11 Dec 2019 03:16:29 GMT',
32 verbose headers   connection: 'keep-alive',
32 verbose headers   'set-cookie':
32 verbose headers    [ '__cfduid=db22afe5e332a55edc7113ce9ab1c66af1576034189; expires=Fri, 10-Jan-20 03:16:29 GMT; path=/; domain=.npmjs.org; HttpOnly' ],
32 verbose headers   'cf-ray': '54344cd2ffdbdb8c-GIG',
32 verbose headers   age: '6423',
32 verbose headers   'cache-control': 'public, max-age=300',
32 verbose headers   etag: '"4e2d025a461db5c4ab6181083820f034"',
32 verbose headers   'last-modified': 'Sat, 09 Nov 2019 17:08:34 GMT',
32 verbose headers   vary: 'Accept-Encoding',
32 verbose headers   'cf-cache-status': 'HIT',
32 verbose headers   'expect-ct': 'max-age=604800, report-uri="https://report-uri.cloudflare.com/cdn-cgi/beacon/expect-ct"',
32 verbose headers   server: 'cloudflare' }
33 silly get cb [ 304,
33 silly get   { date: 'Wed, 11 Dec 2019 03:16:29 GMT',
33 silly get     connection: 'keep-alive',
33 silly get     'set-cookie':
33 silly get      [ '__cfduid=db22afe5e332a55edc7113ce9ab1c66af1576034189; expires=Fri, 10-Jan-20 03:16:29 GMT; path=/; domain=.npmjs.org; HttpOnly' ],
33 silly get     'cf-ray': '54344cd2ffdbdb8c-GIG',
33 silly get     age: '6423',
33 silly get     'cache-control': 'public, max-age=300',
33 silly get     etag: '"4e2d025a461db5c4ab6181083820f034"',
33 silly get     'last-modified': 'Sat, 09 Nov 2019 17:08:34 GMT',
33 silly get     vary: 'Accept-Encoding',
33 silly get     'cf-cache-status': 'HIT',
33 silly get     'expect-ct': 'max-age=604800, report-uri="https://report-uri.cloudflare.com/cdn-cgi/beacon/expect-ct"',
33 silly get     server: 'cloudflare' } ]
34 verbose etag https://registry.npmjs.org/fsevents from cache
35 verbose get saving fsevents to /home/nikolas/.npm/registry.npmjs.org/fsevents/.cache.json
36 silly resolveWithNewModule fsevents@1.2.9 checking installable status
37 silly loadAllDepsIntoIdealTree Finishing
38 silly idealTree:prePrune appxadrez@1.0.0
38 silly idealTree:prePrune ├── @fortawesome/fontawesome-free@5.11.1
38 silly idealTree:prePrune ├── @types/node@12.12.17
38 silly idealTree:prePrune ├── abbrev@1.1.1
38 silly idealTree:prePrune ├── accepts@1.3.7
38 silly idealTree:prePrune ├── after@0.8.2
38 silly idealTree:prePrune ├── ajv@6.10.2
38 silly idealTree:prePrune ├── amdefine@1.0.1
38 silly idealTree:prePrune ├─┬ ansi-align@2.0.0
38 silly idealTree:prePrune │ ├── ansi-regex@3.0.0
38 silly idealTree:prePrune │ ├── is-fullwidth-code-point@2.0.0
38 silly idealTree:prePrune │ ├── string-width@2.1.1
38 silly idealTree:prePrune │ └── strip-ansi@4.0.0
38 silly idealTree:prePrune ├── ansi-bgblack@0.1.1
38 silly idealTree:prePrune ├── ansi-bgblue@0.1.1
38 silly idealTree:prePrune ├── ansi-bgcyan@0.1.1
38 silly idealTree:prePrune ├── ansi-bggreen@0.1.1
38 silly idealTree:prePrune ├── ansi-bgmagenta@0.1.1
38 silly idealTree:prePrune ├── ansi-bgred@0.1.1
38 silly idealTree:prePrune ├── ansi-bgwhite@0.1.1
38 silly idealTree:prePrune ├── ansi-bgyellow@0.1.1
38 silly idealTree:prePrune ├── ansi-black@0.1.1
38 silly idealTree:prePrune ├── ansi-blue@0.1.1
38 silly idealTree:prePrune ├── ansi-bold@0.1.1
38 silly idealTree:prePrune ├── ansi-colors@0.2.0
38 silly idealTree:prePrune ├── ansi-cyan@0.1.1
38 silly idealTree:prePrune ├── ansi-dim@0.1.1
38 silly idealTree:prePrune ├── ansi-gray@0.1.1
38 silly idealTree:prePrune ├── ansi-green@0.1.1
38 silly idealTree:prePrune ├── ansi-grey@0.1.1
38 silly idealTree:prePrune ├── ansi-hidden@0.1.1
38 silly idealTree:prePrune ├── ansi-inverse@0.1.1
38 silly idealTree:prePrune ├── ansi-italic@0.1.1
38 silly idealTree:prePrune ├── ansi-magenta@0.1.1
38 silly idealTree:prePrune ├── ansi-red@0.1.1
38 silly idealTree:prePrune ├── ansi-regex@2.1.1
38 silly idealTree:prePrune ├── ansi-reset@0.1.1
38 silly idealTree:prePrune ├── ansi-strikethrough@0.1.1
38 silly idealTree:prePrune ├── ansi-styles@2.2.1
38 silly idealTree:prePrune ├── ansi-underline@0.1.1
38 silly idealTree:prePrune ├── ansi-white@0.1.1
38 silly idealTree:prePrune ├── ansi-wrap@0.1.0
38 silly idealTree:prePrune ├── ansi-yellow@0.1.1
38 silly idealTree:prePrune ├── any-promise@1.3.0
38 silly idealTree:prePrune ├─┬ anymatch@2.0.0
38 silly idealTree:prePrune │ └── normalize-path@2.1.1
38 silly idealTree:prePrune ├── aproba@1.2.0
38 silly idealTree:prePrune ├── are-we-there-yet@1.1.5
38 silly idealTree:prePrune ├── argparse@1.0.10
38 silly idealTree:prePrune ├── arr-diff@4.0.0
38 silly idealTree:prePrune ├── arr-flatten@1.1.0
38 silly idealTree:prePrune ├── arr-union@3.1.0
38 silly idealTree:prePrune ├── array-find-index@1.0.2
38 silly idealTree:prePrune ├── array-flatten@1.1.1
38 silly idealTree:prePrune ├─┬ array-sort@0.1.4
38 silly idealTree:prePrune │ └── kind-of@5.1.0
38 silly idealTree:prePrune ├── array-unique@0.3.2
38 silly idealTree:prePrune ├── arraybuffer.slice@0.0.7
38 silly idealTree:prePrune ├── asap@2.0.6
38 silly idealTree:prePrune ├── asn1@0.2.4
38 silly idealTree:prePrune ├── assert-plus@1.0.0
38 silly idealTree:prePrune ├── assign-symbols@1.0.0
38 silly idealTree:prePrune ├── async-each@1.0.3
38 silly idealTree:prePrune ├── async-foreach@0.1.3
38 silly idealTree:prePrune ├── async-limiter@1.0.1
38 silly idealTree:prePrune ├── asynckit@0.4.0
38 silly idealTree:prePrune ├── atob@2.1.2
38 silly idealTree:prePrune ├── autolinker@0.28.1
38 silly idealTree:prePrune ├── aws-sign2@0.7.0
38 silly idealTree:prePrune ├── aws4@1.9.0
38 silly idealTree:prePrune ├── babel-runtime@6.26.0
38 silly idealTree:prePrune ├── backo2@1.0.2
38 silly idealTree:prePrune ├── balanced-match@1.0.0
38 silly idealTree:prePrune ├── base@0.11.2
38 silly idealTree:prePrune ├── base64-arraybuffer@0.1.5
38 silly idealTree:prePrune ├── base64id@2.0.0
38 silly idealTree:prePrune ├── basic-auth@2.0.1
38 silly idealTree:prePrune ├── bcrypt-pbkdf@1.0.2
38 silly idealTree:prePrune ├── bcryptjs@2.4.3
38 silly idealTree:prePrune ├── better-assert@1.0.2
38 silly idealTree:prePrune ├── bignumber.js@7.2.1
38 silly idealTree:prePrune ├── binary-extensions@1.13.1
38 silly idealTree:prePrune ├── blob@0.0.5
38 silly idealTree:prePrune ├── block-stream@0.0.9
38 silly idealTree:prePrune ├── bluebird@3.7.2
38 silly idealTree:prePrune ├─┬ body-parser@1.19.0
38 silly idealTree:prePrune │ ├── http-errors@1.7.2
38 silly idealTree:prePrune │ └── inherits@2.0.3
38 silly idealTree:prePrune ├── bootstrap@4.3.1
38 silly idealTree:prePrune ├─┬ boxen@1.3.0
38 silly idealTree:prePrune │ ├── ansi-regex@3.0.0
38 silly idealTree:prePrune │ ├── ansi-styles@3.2.1
38 silly idealTree:prePrune │ ├── camelcase@4.1.0
38 silly idealTree:prePrune │ ├── chalk@2.4.2
38 silly idealTree:prePrune │ ├── is-fullwidth-code-point@2.0.0
38 silly idealTree:prePrune │ ├── string-width@2.1.1
38 silly idealTree:prePrune │ ├── strip-ansi@4.0.0
38 silly idealTree:prePrune │ └── supports-color@5.5.0
38 silly idealTree:prePrune ├── brace-expansion@1.1.11
38 silly idealTree:prePrune ├── braces@2.3.2
38 silly idealTree:prePrune ├── bytes@3.1.0
38 silly idealTree:prePrune ├── cache-base@1.0.1
38 silly idealTree:prePrune ├── callsite@1.0.0
38 silly idealTree:prePrune ├── camelcase-keys@2.1.0
38 silly idealTree:prePrune ├── camelcase@2.1.1
38 silly idealTree:prePrune ├── capture-stack-trace@1.0.1
38 silly idealTree:prePrune ├── caseless@0.12.0
38 silly idealTree:prePrune ├── chalk@1.1.3
38 silly idealTree:prePrune ├── chokidar@2.1.8
38 silly idealTree:prePrune ├── ci-info@1.6.0
38 silly idealTree:prePrune ├─┬ class-utils@0.3.6
38 silly idealTree:prePrune │ └── define-property@0.2.5
38 silly idealTree:prePrune ├── cli-boxes@1.0.0
38 silly idealTree:prePrune ├── cli-color@1.4.0
38 silly idealTree:prePrune ├── cliui@3.2.0
38 silly idealTree:prePrune ├── cls-bluebird@2.1.0
38 silly idealTree:prePrune ├── code-point-at@1.1.0
38 silly idealTree:prePrune ├── collection-visit@1.0.0
38 silly idealTree:prePrune ├── color-convert@1.9.3
38 silly idealTree:prePrune ├── color-name@1.1.3
38 silly idealTree:prePrune ├── combined-stream@1.0.8
38 silly idealTree:prePrune ├── commander@2.20.3
38 silly idealTree:prePrune ├── component-bind@1.0.0
38 silly idealTree:prePrune ├── component-emitter@1.3.0
38 silly idealTree:prePrune ├── component-inherit@0.0.3
38 silly idealTree:prePrune ├── concat-map@0.0.1
38 silly idealTree:prePrune ├── concat-with-sourcemaps@1.1.0
38 silly idealTree:prePrune ├── config-chain@1.1.12
38 silly idealTree:prePrune ├── configstore@3.1.2
38 silly idealTree:prePrune ├── console-control-strings@1.1.0
38 silly idealTree:prePrune ├── content-disposition@0.5.3
38 silly idealTree:prePrune ├── content-type@1.0.4
38 silly idealTree:prePrune ├── cookie-parser@1.4.4
38 silly idealTree:prePrune ├── cookie-signature@1.0.6
38 silly idealTree:prePrune ├── cookie@0.3.1
38 silly idealTree:prePrune ├── copy-descriptor@0.1.1
38 silly idealTree:prePrune ├── core-js@2.6.11
38 silly idealTree:prePrune ├── core-util-is@1.0.2
38 silly idealTree:prePrune ├── create-error-class@3.0.2
38 silly idealTree:prePrune ├─┬ create-frame@1.0.0
38 silly idealTree:prePrune │ └── define-property@0.2.5
38 silly idealTree:prePrune ├─┬ cross-spawn@3.0.1
38 silly idealTree:prePrune │ ├── lru-cache@4.1.5
38 silly idealTree:prePrune │ └── yallist@2.1.2
38 silly idealTree:prePrune ├── crypto-random-string@1.0.0
38 silly idealTree:prePrune ├── csrf@3.1.0
38 silly idealTree:prePrune ├── csurf@1.10.0
38 silly idealTree:prePrune ├── currently-unhandled@0.4.1
38 silly idealTree:prePrune ├── d@1.0.1
38 silly idealTree:prePrune ├── dashdash@1.14.1
38 silly idealTree:prePrune ├─┬ date.js@0.3.3
38 silly idealTree:prePrune │ └── debug@3.1.0
38 silly idealTree:prePrune ├── debug@2.6.9
38 silly idealTree:prePrune ├── decamelize@1.2.0
38 silly idealTree:prePrune ├── decode-uri-component@0.2.0
38 silly idealTree:prePrune ├── deep-extend@0.6.0
38 silly idealTree:prePrune ├─┬ default-compare@1.0.0
38 silly idealTree:prePrune │ └── kind-of@5.1.0
38 silly idealTree:prePrune ├── define-properties@1.1.3
38 silly idealTree:prePrune ├─┬ define-property@1.0.0
38 silly idealTree:prePrune │ ├── is-accessor-descriptor@1.0.0
38 silly idealTree:prePrune │ ├── is-data-descriptor@1.0.0
38 silly idealTree:prePrune │ └── is-descriptor@1.0.2
38 silly idealTree:prePrune ├── delayed-stream@1.0.0
38 silly idealTree:prePrune ├── delegates@1.0.0
38 silly idealTree:prePrune ├── denque@1.4.1
38 silly idealTree:prePrune ├── depd@1.1.2
38 silly idealTree:prePrune ├── destroy@1.0.4
38 silly idealTree:prePrune ├── dot-prop@4.2.0
38 silly idealTree:prePrune ├── dottie@2.0.2
38 silly idealTree:prePrune ├── duplexer3@0.1.4
38 silly idealTree:prePrune ├── ecc-jsbn@0.1.2
38 silly idealTree:prePrune ├─┬ editorconfig@0.15.3
38 silly idealTree:prePrune │ ├── lru-cache@4.1.5
38 silly idealTree:prePrune │ └── yallist@2.1.2
38 silly idealTree:prePrune ├── ee-first@1.1.1
38 silly idealTree:prePrune ├── emoji-regex@7.0.3
38 silly idealTree:prePrune ├── encodeurl@1.0.2
38 silly idealTree:prePrune ├─┬ engine.io-client@3.4.0
38 silly idealTree:prePrune │ ├── component-emitter@1.2.1
38 silly idealTree:prePrune │ ├── debug@4.1.1
38 silly idealTree:prePrune │ ├── ms@2.1.2
38 silly idealTree:prePrune │ └── ws@6.1.4
38 silly idealTree:prePrune ├── engine.io-parser@2.2.0
38 silly idealTree:prePrune ├─┬ engine.io@3.4.0
38 silly idealTree:prePrune │ ├── debug@4.1.1
38 silly idealTree:prePrune │ └── ms@2.1.2
38 silly idealTree:prePrune ├── ent@2.2.0
38 silly idealTree:prePrune ├── error-ex@1.3.2
38 silly idealTree:prePrune ├── error-symbol@0.1.0
38 silly idealTree:prePrune ├── es5-ext@0.10.53
38 silly idealTree:prePrune ├── es6-iterator@2.0.3
38 silly idealTree:prePrune ├── es6-symbol@3.1.3
38 silly idealTree:prePrune ├── es6-weak-map@2.0.3
38 silly idealTree:prePrune ├── escape-html@1.0.3
38 silly idealTree:prePrune ├── escape-string-regexp@1.0.5
38 silly idealTree:prePrune ├── etag@1.8.1
38 silly idealTree:prePrune ├── event-emitter@0.3.5
38 silly idealTree:prePrune ├─┬ execa@0.7.0
38 silly idealTree:prePrune │ ├── cross-spawn@5.1.0
38 silly idealTree:prePrune │ ├── lru-cache@4.1.5
38 silly idealTree:prePrune │ └── yallist@2.1.2
38 silly idealTree:prePrune ├─┬ expand-brackets@2.1.4
38 silly idealTree:prePrune │ └── define-property@0.2.5
38 silly idealTree:prePrune ├── express-handlebars@3.1.0
38 silly idealTree:prePrune ├─┬ express-session@1.17.0
38 silly idealTree:prePrune │ ├── cookie@0.4.0
38 silly idealTree:prePrune │ ├── depd@2.0.0
38 silly idealTree:prePrune │ └── safe-buffer@5.2.0
38 silly idealTree:prePrune ├─┬ express@4.17.1
38 silly idealTree:prePrune │ └── cookie@0.4.0
38 silly idealTree:prePrune ├─┬ ext@1.4.0
38 silly idealTree:prePrune │ └── type@2.0.0
38 silly idealTree:prePrune ├── extend-shallow@2.0.1
38 silly idealTree:prePrune ├── extend@3.0.2
38 silly idealTree:prePrune ├── extglob@2.0.4
38 silly idealTree:prePrune ├── extsprintf@1.3.0
38 silly idealTree:prePrune ├─┬ falsey@0.3.2
38 silly idealTree:prePrune │ └── kind-of@5.1.0
38 silly idealTree:prePrune ├── fast-deep-equal@2.0.1
38 silly idealTree:prePrune ├── fast-json-stable-stringify@2.0.0
38 silly idealTree:prePrune ├─┬ fill-range@4.0.0
38 silly idealTree:prePrune │ ├── is-number@3.0.0
38 silly idealTree:prePrune │ └── kind-of@3.2.2
38 silly idealTree:prePrune ├── finalhandler@1.1.2
38 silly idealTree:prePrune ├── find-up@1.1.2
38 silly idealTree:prePrune ├── for-in@1.0.2
38 silly idealTree:prePrune ├── for-own@1.0.0
38 silly idealTree:prePrune ├── forever-agent@0.6.1
38 silly idealTree:prePrune ├── form-data@2.3.3
38 silly idealTree:prePrune ├── forwarded@0.1.2
38 silly idealTree:prePrune ├── fragment-cache@0.2.1
38 silly idealTree:prePrune ├── fresh@0.5.2
38 silly idealTree:prePrune ├── fs-exists-sync@0.1.0
38 silly idealTree:prePrune ├── fs-extra@7.0.1
38 silly idealTree:prePrune ├── fs.realpath@1.0.0
38 silly idealTree:prePrune ├── fstream@1.0.12
38 silly idealTree:prePrune ├── function-bind@1.1.1
38 silly idealTree:prePrune ├── gauge@2.7.4
38 silly idealTree:prePrune ├── gaze@1.1.3
38 silly idealTree:prePrune ├── generate-function@2.3.1
38 silly idealTree:prePrune ├── get-caller-file@1.0.3
38 silly idealTree:prePrune ├─┬ get-object@0.2.0
38 silly idealTree:prePrune │ ├── is-number@2.1.0
38 silly idealTree:prePrune │ ├── isobject@0.2.0
38 silly idealTree:prePrune │ └── kind-of@3.2.2
38 silly idealTree:prePrune ├── get-stdin@4.0.1
38 silly idealTree:prePrune ├── get-stream@3.0.0
38 silly idealTree:prePrune ├── get-value@2.0.6
38 silly idealTree:prePrune ├── getpass@0.1.7
38 silly idealTree:prePrune ├─┬ glob-parent@3.1.0
38 silly idealTree:prePrune │ └── is-glob@3.1.0
38 silly idealTree:prePrune ├── glob@7.1.6
38 silly idealTree:prePrune ├── global-dirs@0.1.1
38 silly idealTree:prePrune ├── globule@1.2.1
38 silly idealTree:prePrune ├── got@6.7.1
38 silly idealTree:prePrune ├── graceful-fs@4.2.3
38 silly idealTree:prePrune ├── gulp-header@1.8.12
38 silly idealTree:prePrune ├── handlebars-helper-create-frame@0.1.0
38 silly idealTree:prePrune ├── handlebars-helpers@0.10.0
38 silly idealTree:prePrune ├── handlebars-utils@1.0.6
38 silly idealTree:prePrune ├── handlebars@4.5.3
38 silly idealTree:prePrune ├── har-schema@2.0.0
38 silly idealTree:prePrune ├── har-validator@5.1.3
38 silly idealTree:prePrune ├── has-ansi@2.0.0
38 silly idealTree:prePrune ├─┬ has-binary2@1.0.3
38 silly idealTree:prePrune │ └── isarray@2.0.1
38 silly idealTree:prePrune ├── has-cors@1.1.0
38 silly idealTree:prePrune ├── has-flag@3.0.0
38 silly idealTree:prePrune ├── has-symbols@1.0.1
38 silly idealTree:prePrune ├── has-unicode@2.0.1
38 silly idealTree:prePrune ├── has-value@1.0.0
38 silly idealTree:prePrune ├─┬ has-values@1.0.0
38 silly idealTree:prePrune │ ├─┬ is-number@3.0.0
38 silly idealTree:prePrune │ │ └── kind-of@3.2.2
38 silly idealTree:prePrune │ └── kind-of@4.0.0
38 silly idealTree:prePrune ├── helper-date@1.0.1
38 silly idealTree:prePrune ├── helper-markdown@1.0.0
38 silly idealTree:prePrune ├── helper-md@0.2.2
38 silly idealTree:prePrune ├── highlight.js@9.17.0
38 silly idealTree:prePrune ├── hosted-git-info@2.8.5
38 silly idealTree:prePrune ├── html-tag@2.0.0
38 silly idealTree:prePrune ├── http-errors@1.7.3
38 silly idealTree:prePrune ├── http-signature@1.2.0
38 silly idealTree:prePrune ├── iconv-lite@0.4.24
38 silly idealTree:prePrune ├── ignore-by-default@1.0.1
38 silly idealTree:prePrune ├── import-lazy@2.1.0
38 silly idealTree:prePrune ├── imurmurhash@0.1.4
38 silly idealTree:prePrune ├── in-publish@2.0.0
38 silly idealTree:prePrune ├── indent-string@2.1.0
38 silly idealTree:prePrune ├── indexof@0.0.1
38 silly idealTree:prePrune ├── inflection@1.12.0
38 silly idealTree:prePrune ├── inflight@1.0.6
38 silly idealTree:prePrune ├── info-symbol@0.1.0
38 silly idealTree:prePrune ├── inherits@2.0.4
38 silly idealTree:prePrune ├── ini@1.3.5
38 silly idealTree:prePrune ├── invert-kv@1.0.0
38 silly idealTree:prePrune ├── ipaddr.js@1.9.0
38 silly idealTree:prePrune ├─┬ is-accessor-descriptor@0.1.6
38 silly idealTree:prePrune │ └── kind-of@3.2.2
38 silly idealTree:prePrune ├── is-arrayish@0.2.1
38 silly idealTree:prePrune ├── is-binary-path@1.0.1
38 silly idealTree:prePrune ├── is-bluebird@1.0.2
38 silly idealTree:prePrune ├── is-buffer@1.1.6
38 silly idealTree:prePrune ├── is-ci@1.2.1
38 silly idealTree:prePrune ├─┬ is-data-descriptor@0.1.4
38 silly idealTree:prePrune │ └── kind-of@3.2.2
38 silly idealTree:prePrune ├─┬ is-descriptor@0.1.6
38 silly idealTree:prePrune │ └── kind-of@5.1.0
38 silly idealTree:prePrune ├── is-even@1.0.0
38 silly idealTree:prePrune ├── is-extendable@0.1.1
38 silly idealTree:prePrune ├── is-extglob@2.1.1
38 silly idealTree:prePrune ├── is-finite@1.0.2
38 silly idealTree:prePrune ├── is-fullwidth-code-point@1.0.0
38 silly idealTree:prePrune ├── is-glob@4.0.1
38 silly idealTree:prePrune ├── is-installed-globally@0.1.0
38 silly idealTree:prePrune ├── is-npm@1.0.0
38 silly idealTree:prePrune ├── is-number@4.0.0
38 silly idealTree:prePrune ├── is-obj@1.0.1
38 silly idealTree:prePrune ├─┬ is-odd@0.1.2
38 silly idealTree:prePrune │ ├── is-number@3.0.0
38 silly idealTree:prePrune │ └── kind-of@3.2.2
38 silly idealTree:prePrune ├── is-path-inside@1.0.1
38 silly idealTree:prePrune ├── is-plain-object@2.0.4
38 silly idealTree:prePrune ├── is-promise@2.1.0
38 silly idealTree:prePrune ├── is-property@1.0.2
38 silly idealTree:prePrune ├── is-redirect@1.0.0
38 silly idealTree:prePrune ├── is-retry-allowed@1.2.0
38 silly idealTree:prePrune ├── is-self-closing@1.0.1
38 silly idealTree:prePrune ├── is-stream@1.1.0
38 silly idealTree:prePrune ├── is-typedarray@1.0.0
38 silly idealTree:prePrune ├── is-utf8@0.2.1
38 silly idealTree:prePrune ├── is-windows@1.0.2
38 silly idealTree:prePrune ├── isarray@1.0.0
38 silly idealTree:prePrune ├── isexe@2.0.0
38 silly idealTree:prePrune ├── isobject@3.0.1
38 silly idealTree:prePrune ├── isstream@0.1.2
38 silly idealTree:prePrune ├── jquery@3.4.1
38 silly idealTree:prePrune ├── js-base64@2.5.1
38 silly idealTree:prePrune ├─┬ js-beautify@1.10.2
38 silly idealTree:prePrune │ └── nopt@4.0.1
38 silly idealTree:prePrune ├── jsbn@0.1.1
38 silly idealTree:prePrune ├── json-schema-traverse@0.4.1
38 silly idealTree:prePrune ├── json-schema@0.2.3
38 silly idealTree:prePrune ├── json-stringify-safe@5.0.1
38 silly idealTree:prePrune ├── jsonfile@4.0.0
38 silly idealTree:prePrune ├── jsprim@1.4.1
38 silly idealTree:prePrune ├── kind-of@6.0.2
38 silly idealTree:prePrune ├── latest-version@3.1.0
38 silly idealTree:prePrune ├── lazy-cache@2.0.2
38 silly idealTree:prePrune ├── lcid@1.0.0
38 silly idealTree:prePrune ├── load-json-file@1.1.0
38 silly idealTree:prePrune ├─┬ locate-path@3.0.0
38 silly idealTree:prePrune │ └── path-exists@3.0.0
38 silly idealTree:prePrune ├── lodash._reinterpolate@3.0.0
38 silly idealTree:prePrune ├── lodash.template@4.5.0
38 silly idealTree:prePrune ├── lodash.templatesettings@4.2.0
38 silly idealTree:prePrune ├── lodash@4.17.15
38 silly idealTree:prePrune ├── log-ok@0.1.1
38 silly idealTree:prePrune ├── log-utils@0.2.1
38 silly idealTree:prePrune ├── logging-helpers@1.0.0
38 silly idealTree:prePrune ├── long@4.0.0
38 silly idealTree:prePrune ├── loud-rejection@1.6.0
38 silly idealTree:prePrune ├── lowercase-keys@1.0.1
38 silly idealTree:prePrune ├── lru-cache@5.1.1
38 silly idealTree:prePrune ├── lru-queue@0.1.0
38 silly idealTree:prePrune ├─┬ make-dir@1.3.0
38 silly idealTree:prePrune │ └── pify@3.0.0
38 silly idealTree:prePrune ├── map-cache@0.2.2
38 silly idealTree:prePrune ├── map-obj@1.0.1
38 silly idealTree:prePrune ├── map-visit@1.0.0
38 silly idealTree:prePrune ├── media-typer@0.3.0
38 silly idealTree:prePrune ├── memoizee@0.4.14
38 silly idealTree:prePrune ├─┬ meow@3.7.0
38 silly idealTree:prePrune │ └── minimist@1.2.0
38 silly idealTree:prePrune ├── merge-descriptors@1.0.1
38 silly idealTree:prePrune ├── methods@1.1.2
38 silly idealTree:prePrune ├─┬ micromatch@3.1.10
38 silly idealTree:prePrune │ ├── define-property@2.0.2
38 silly idealTree:prePrune │ ├── extend-shallow@3.0.2
38 silly idealTree:prePrune │ ├── is-accessor-descriptor@1.0.0
38 silly idealTree:prePrune │ ├── is-data-descriptor@1.0.0
38 silly idealTree:prePrune │ ├── is-descriptor@1.0.2
38 silly idealTree:prePrune │ └── is-extendable@1.0.1
38 silly idealTree:prePrune ├── mime-db@1.42.0
38 silly idealTree:prePrune ├── mime-types@2.1.25
38 silly idealTree:prePrune ├── mime@1.6.0
38 silly idealTree:prePrune ├── minimatch@3.0.4
38 silly idealTree:prePrune ├── minimist@0.0.10
38 silly idealTree:prePrune ├─┬ mixin-deep@1.3.2
38 silly idealTree:prePrune │ └── is-extendable@1.0.1
38 silly idealTree:prePrune ├─┬ mkdirp@0.5.1
38 silly idealTree:prePrune │ └── minimist@0.0.8
38 silly idealTree:prePrune ├── moment-timezone@0.5.27
38 silly idealTree:prePrune ├── moment@2.24.0
38 silly idealTree:prePrune ├── morgan@1.9.1
38 silly idealTree:prePrune ├── ms@2.0.0
38 silly idealTree:prePrune ├── mysql@2.17.1
38 silly idealTree:prePrune ├─┬ mysql2@1.7.0
38 silly idealTree:prePrune │ └── iconv-lite@0.5.0
38 silly idealTree:prePrune ├─┬ named-placeholders@1.1.2
38 silly idealTree:prePrune │ ├── lru-cache@4.1.5
38 silly idealTree:prePrune │ └── yallist@2.1.2
38 silly idealTree:prePrune ├── nan@2.14.0
38 silly idealTree:prePrune ├─┬ nanomatch@1.2.13
38 silly idealTree:prePrune │ ├── define-property@2.0.2
38 silly idealTree:prePrune │ ├── extend-shallow@3.0.2
38 silly idealTree:prePrune │ ├── is-accessor-descriptor@1.0.0
38 silly idealTree:prePrune │ ├── is-data-descriptor@1.0.0
38 silly idealTree:prePrune │ ├── is-descriptor@1.0.2
38 silly idealTree:prePrune │ └── is-extendable@1.0.1
38 silly idealTree:prePrune ├── negotiator@0.6.2
38 silly idealTree:prePrune ├── neo-async@2.6.1
38 silly idealTree:prePrune ├── next-tick@1.0.0
38 silly idealTree:prePrune ├─┬ node-gyp@3.8.0
38 silly idealTree:prePrune │ └── semver@5.3.0
38 silly idealTree:prePrune ├── node-sass-middleware@0.11.0
38 silly idealTree:prePrune ├── node-sass@4.13.0
38 silly idealTree:prePrune ├─┬ nodemon@1.19.2
38 silly idealTree:prePrune │ ├── debug@3.2.6
38 silly idealTree:prePrune │ ├── ms@2.1.2
38 silly idealTree:prePrune │ └── supports-color@5.5.0
38 silly idealTree:prePrune ├── nopt@3.0.6
38 silly idealTree:prePrune ├── normalize-package-data@2.5.0
38 silly idealTree:prePrune ├── normalize-path@3.0.0
38 silly idealTree:prePrune ├── npm-run-path@2.0.2
38 silly idealTree:prePrune ├── npmlog@4.1.2
38 silly idealTree:prePrune ├── number-is-nan@1.0.1
38 silly idealTree:prePrune ├── oauth-sign@0.9.0
38 silly idealTree:prePrune ├── object-assign@4.1.1
38 silly idealTree:prePrune ├── object-component@0.0.3
38 silly idealTree:prePrune ├─┬ object-copy@0.1.0
38 silly idealTree:prePrune │ ├── define-property@0.2.5
38 silly idealTree:prePrune │ └── kind-of@3.2.2
38 silly idealTree:prePrune ├── object-keys@1.1.1
38 silly idealTree:prePrune ├── object-visit@1.0.1
38 silly idealTree:prePrune ├── object.assign@4.1.0
38 silly idealTree:prePrune ├── object.pick@1.3.0
38 silly idealTree:prePrune ├── on-finished@2.3.0
38 silly idealTree:prePrune ├── on-headers@1.0.2
38 silly idealTree:prePrune ├── once@1.4.0
38 silly idealTree:prePrune ├── optimist@0.6.1
38 silly idealTree:prePrune ├── os-homedir@1.0.2
38 silly idealTree:prePrune ├── os-locale@1.4.0
38 silly idealTree:prePrune ├── os-tmpdir@1.0.2
38 silly idealTree:prePrune ├── osenv@0.1.5
38 silly idealTree:prePrune ├── p-finally@1.0.0
38 silly idealTree:prePrune ├── p-limit@2.2.1
38 silly idealTree:prePrune ├── p-locate@3.0.0
38 silly idealTree:prePrune ├── p-try@2.2.0
38 silly idealTree:prePrune ├── package-json@4.0.1
38 silly idealTree:prePrune ├── parse-json@2.2.0
38 silly idealTree:prePrune ├── parseqs@0.0.5
38 silly idealTree:prePrune ├── parseuri@0.0.5
38 silly idealTree:prePrune ├── parseurl@1.3.3
38 silly idealTree:prePrune ├── pascalcase@0.1.1
38 silly idealTree:prePrune ├── path-dirname@1.0.2
38 silly idealTree:prePrune ├── path-exists@2.1.0
38 silly idealTree:prePrune ├── path-is-absolute@1.0.1
38 silly idealTree:prePrune ├── path-is-inside@1.0.2
38 silly idealTree:prePrune ├── path-key@2.0.1
38 silly idealTree:prePrune ├── path-parse@1.0.6
38 silly idealTree:prePrune ├── path-to-regexp@0.1.7
38 silly idealTree:prePrune ├── path-type@1.1.0
38 silly idealTree:prePrune ├── performance-now@2.1.0
38 silly idealTree:prePrune ├── pify@2.3.0
38 silly idealTree:prePrune ├── pinkie-promise@2.0.1
38 silly idealTree:prePrune ├── pinkie@2.0.4
38 silly idealTree:prePrune ├── popper.js@1.15.0
38 silly idealTree:prePrune ├── posix-character-classes@0.1.1
38 silly idealTree:prePrune ├── prepend-http@1.0.4
38 silly idealTree:prePrune ├── process-nextick-args@2.0.1
38 silly idealTree:prePrune ├── promise@8.0.3
38 silly idealTree:prePrune ├── proto-list@1.2.4
38 silly idealTree:prePrune ├── proxy-addr@2.0.5
38 silly idealTree:prePrune ├── pseudomap@1.0.2
38 silly idealTree:prePrune ├── psl@1.6.0
38 silly idealTree:prePrune ├── pstree.remy@1.1.7
38 silly idealTree:prePrune ├── punycode@2.1.1
38 silly idealTree:prePrune ├── qs@6.7.0
38 silly idealTree:prePrune ├── random-bytes@1.0.0
38 silly idealTree:prePrune ├── range-parser@1.2.1
38 silly idealTree:prePrune ├─┬ raw-body@2.4.0
38 silly idealTree:prePrune │ ├── http-errors@1.7.2
38 silly idealTree:prePrune │ └── inherits@2.0.3
38 silly idealTree:prePrune ├─┬ rc@1.2.8
38 silly idealTree:prePrune │ └── minimist@1.2.0
38 silly idealTree:prePrune ├── read-pkg-up@1.0.1
38 silly idealTree:prePrune ├── read-pkg@1.1.0
38 silly idealTree:prePrune ├── readable-stream@2.3.6
38 silly idealTree:prePrune ├── readdirp@2.2.1
38 silly idealTree:prePrune ├── redent@1.0.0
38 silly idealTree:prePrune ├── regenerator-runtime@0.11.1
38 silly idealTree:prePrune ├─┬ regex-not@1.0.2
38 silly idealTree:prePrune │ ├── extend-shallow@3.0.2
38 silly idealTree:prePrune │ └── is-extendable@1.0.1
38 silly idealTree:prePrune ├── registry-auth-token@3.4.0
38 silly idealTree:prePrune ├── registry-url@3.1.0
38 silly idealTree:prePrune ├─┬ relative@3.0.2
38 silly idealTree:prePrune │ └── isobject@2.1.0
38 silly idealTree:prePrune ├── remarkable@1.7.4
38 silly idealTree:prePrune ├── remove-trailing-separator@1.1.0
38 silly idealTree:prePrune ├── repeat-element@1.1.3
38 silly idealTree:prePrune ├── repeat-string@1.6.1
38 silly idealTree:prePrune ├── repeating@2.0.1
38 silly idealTree:prePrune ├─┬ request@2.88.0
38 silly idealTree:prePrune │ └── qs@6.5.2
38 silly idealTree:prePrune ├── require-directory@2.1.1
38 silly idealTree:prePrune ├── require-main-filename@1.0.1
38 silly idealTree:prePrune ├── resolve-url@0.2.1
38 silly idealTree:prePrune ├── resolve@1.13.1
38 silly idealTree:prePrune ├── ret@0.1.15
38 silly idealTree:prePrune ├── retry-as-promised@3.2.0
38 silly idealTree:prePrune ├── rimraf@2.7.1
38 silly idealTree:prePrune ├── rndm@1.2.0
38 silly idealTree:prePrune ├── safe-buffer@5.1.2
38 silly idealTree:prePrune ├── safe-regex@1.1.0
38 silly idealTree:prePrune ├── safer-buffer@2.1.2
38 silly idealTree:prePrune ├── sass-graph@2.2.4
38 silly idealTree:prePrune ├── sass@1.22.12
38 silly idealTree:prePrune ├─┬ scss-tokenizer@0.2.3
38 silly idealTree:prePrune │ └── source-map@0.4.4
38 silly idealTree:prePrune ├── self-closing-tags@1.0.1
38 silly idealTree:prePrune ├── semver-diff@2.1.0
38 silly idealTree:prePrune ├── semver@5.7.1
38 silly idealTree:prePrune ├─┬ send@0.17.1
38 silly idealTree:prePrune │ └── ms@2.1.1
38 silly idealTree:prePrune ├── seq-queue@0.0.5
38 silly idealTree:prePrune ├─┬ sequelize-cli@5.5.1
38 silly idealTree:prePrune │ ├── ansi-regex@4.1.0
38 silly idealTree:prePrune │ ├── ansi-styles@3.2.1
38 silly idealTree:prePrune │ ├── camelcase@5.3.1
38 silly idealTree:prePrune │ ├── cliui@5.0.0
38 silly idealTree:prePrune │ ├── find-up@3.0.0
38 silly idealTree:prePrune │ ├── get-caller-file@2.0.5
38 silly idealTree:prePrune │ ├── is-fullwidth-code-point@2.0.0
38 silly idealTree:prePrune │ ├── require-main-filename@2.0.0
38 silly idealTree:prePrune │ ├── string-width@3.1.0
38 silly idealTree:prePrune │ ├── strip-ansi@5.2.0
38 silly idealTree:prePrune │ ├── which-module@2.0.0
38 silly idealTree:prePrune │ ├── wrap-ansi@5.1.0
38 silly idealTree:prePrune │ ├── y18n@4.0.0
38 silly idealTree:prePrune │ ├── yargs-parser@13.1.1
38 silly idealTree:prePrune │ └── yargs@13.3.0
38 silly idealTree:prePrune ├── sequelize-pool@2.3.0
38 silly idealTree:prePrune ├─┬ sequelize@5.21.2
38 silly idealTree:prePrune │ ├── debug@4.1.1
38 silly idealTree:prePrune │ ├── ms@2.1.2
38 silly idealTree:prePrune │ └── semver@6.3.0
38 silly idealTree:prePrune ├── serve-static@1.14.1
38 silly idealTree:prePrune ├── set-blocking@2.0.0
38 silly idealTree:prePrune ├── set-getter@0.1.0
38 silly idealTree:prePrune ├── set-value@2.0.1
38 silly idealTree:prePrune ├── setprototypeof@1.1.1
38 silly idealTree:prePrune ├── shebang-command@1.2.0
38 silly idealTree:prePrune ├── shebang-regex@1.0.0
38 silly idealTree:prePrune ├── shimmer@1.2.1
38 silly idealTree:prePrune ├── sigmund@1.0.1
38 silly idealTree:prePrune ├── signal-exit@3.0.2
38 silly idealTree:prePrune ├── snapdragon-node@2.1.1
38 silly idealTree:prePrune ├─┬ snapdragon-util@3.0.1
38 silly idealTree:prePrune │ └── kind-of@3.2.2
38 silly idealTree:prePrune ├─┬ snapdragon@0.8.2
38 silly idealTree:prePrune │ ├── define-property@0.2.5
38 silly idealTree:prePrune │ └── source-map@0.5.7
38 silly idealTree:prePrune ├── socket.io-adapter@1.1.2
38 silly idealTree:prePrune ├─┬ socket.io-client@2.3.0
38 silly idealTree:prePrune │ ├── component-emitter@1.2.1
38 silly idealTree:prePrune │ ├── debug@4.1.1
38 silly idealTree:prePrune │ ├── isarray@2.0.1
38 silly idealTree:prePrune │ ├── ms@2.1.2
38 silly idealTree:prePrune │ └─┬ socket.io-parser@3.3.0
38 silly idealTree:prePrune │   ├── debug@3.1.0
38 silly idealTree:prePrune │   └── ms@2.0.0
38 silly idealTree:prePrune ├─┬ socket.io-parser@3.4.0
38 silly idealTree:prePrune │ ├── component-emitter@1.2.1
38 silly idealTree:prePrune │ ├── debug@4.1.1
38 silly idealTree:prePrune │ ├── isarray@2.0.1
38 silly idealTree:prePrune │ └── ms@2.1.2
38 silly idealTree:prePrune ├─┬ socket.io@2.3.0
38 silly idealTree:prePrune │ ├── debug@4.1.1
38 silly idealTree:prePrune │ └── ms@2.1.2
38 silly idealTree:prePrune ├── source-map-resolve@0.5.2
38 silly idealTree:prePrune ├── source-map-url@0.4.0
38 silly idealTree:prePrune ├── source-map@0.6.1
38 silly idealTree:prePrune ├── spdx-correct@3.1.0
38 silly idealTree:prePrune ├── spdx-exceptions@2.2.0
38 silly idealTree:prePrune ├── spdx-expression-parse@3.0.0
38 silly idealTree:prePrune ├── spdx-license-ids@3.0.5
38 silly idealTree:prePrune ├─┬ split-string@3.1.0
38 silly idealTree:prePrune │ ├── extend-shallow@3.0.2
38 silly idealTree:prePrune │ └── is-extendable@1.0.1
38 silly idealTree:prePrune ├── sprintf-js@1.0.3
38 silly idealTree:prePrune ├── sqlstring@2.3.1
38 silly idealTree:prePrune ├── sshpk@1.16.1
38 silly idealTree:prePrune ├─┬ static-extend@0.1.2
38 silly idealTree:prePrune │ └── define-property@0.2.5
38 silly idealTree:prePrune ├── statuses@1.5.0
38 silly idealTree:prePrune ├── stdout-stream@1.4.1
38 silly idealTree:prePrune ├── string_decoder@1.1.1
38 silly idealTree:prePrune ├── string-width@1.0.2
38 silly idealTree:prePrune ├── strip-ansi@3.0.1
38 silly idealTree:prePrune ├── strip-bom@2.0.0
38 silly idealTree:prePrune ├── strip-eof@1.0.0
38 silly idealTree:prePrune ├── strip-indent@1.0.1
38 silly idealTree:prePrune ├── strip-json-comments@2.0.1
38 silly idealTree:prePrune ├── striptags@3.1.1
38 silly idealTree:prePrune ├── success-symbol@0.1.0
38 silly idealTree:prePrune ├── supports-color@2.0.0
38 silly idealTree:prePrune ├── tar@2.2.2
38 silly idealTree:prePrune ├── term-size@1.2.0
38 silly idealTree:prePrune ├── through2@2.0.5
38 silly idealTree:prePrune ├── time-stamp@1.1.0
38 silly idealTree:prePrune ├── timed-out@4.0.1
38 silly idealTree:prePrune ├── timers-ext@0.1.7
38 silly idealTree:prePrune ├── to-array@0.1.4
38 silly idealTree:prePrune ├── to-gfm-code-block@0.1.1
38 silly idealTree:prePrune ├─┬ to-object-path@0.3.0
38 silly idealTree:prePrune │ └── kind-of@3.2.2
38 silly idealTree:prePrune ├─┬ to-regex-range@2.1.1
38 silly idealTree:prePrune │ ├── is-number@3.0.0
38 silly idealTree:prePrune │ └── kind-of@3.2.2
38 silly idealTree:prePrune ├─┬ to-regex@3.0.2
38 silly idealTree:prePrune │ ├── define-property@2.0.2
38 silly idealTree:prePrune │ ├── extend-shallow@3.0.2
38 silly idealTree:prePrune │ ├── is-accessor-descriptor@1.0.0
38 silly idealTree:prePrune │ ├── is-data-descriptor@1.0.0
38 silly idealTree:prePrune │ ├── is-descriptor@1.0.2
38 silly idealTree:prePrune │ └── is-extendable@1.0.1
38 silly idealTree:prePrune ├── toidentifier@1.0.0
38 silly idealTree:prePrune ├── toposort-class@1.0.1
38 silly idealTree:prePrune ├─┬ touch@3.1.0
38 silly idealTree:prePrune │ └── nopt@1.0.10
38 silly idealTree:prePrune ├─┬ tough-cookie@2.4.3
38 silly idealTree:prePrune │ └── punycode@1.4.1
38 silly idealTree:prePrune ├── trim-newlines@1.0.0
38 silly idealTree:prePrune ├── true-case-path@1.0.3
38 silly idealTree:prePrune ├── tsscmp@1.0.6
38 silly idealTree:prePrune ├── tunnel-agent@0.6.0
38 silly idealTree:prePrune ├── tweetnacl@0.14.5
38 silly idealTree:prePrune ├── type-is@1.6.18
38 silly idealTree:prePrune ├── type@1.2.0
38 silly idealTree:prePrune ├─┬ typeof-article@0.1.1
38 silly idealTree:prePrune │ └── kind-of@3.2.2
38 silly idealTree:prePrune ├── uglify-js@3.7.2
38 silly idealTree:prePrune ├── uid-safe@2.1.5
38 silly idealTree:prePrune ├── umzug@2.2.0
38 silly idealTree:prePrune ├── undefsafe@2.0.2
38 silly idealTree:prePrune ├── union-value@1.0.1
38 silly idealTree:prePrune ├── unique-string@1.0.0
38 silly idealTree:prePrune ├── universalify@0.1.2
38 silly idealTree:prePrune ├── unpipe@1.0.0
38 silly idealTree:prePrune ├─┬ unset-value@1.0.0
38 silly idealTree:prePrune │ ├─┬ has-value@0.3.1
38 silly idealTree:prePrune │ │ └── isobject@2.1.0
38 silly idealTree:prePrune │ └── has-values@0.1.4
38 silly idealTree:prePrune ├── unzip-response@2.0.1
38 silly idealTree:prePrune ├── upath@1.2.0
38 silly idealTree:prePrune ├─┬ update-notifier@2.5.0
38 silly idealTree:prePrune │ ├── ansi-styles@3.2.1
38 silly idealTree:prePrune │ ├── chalk@2.4.2
38 silly idealTree:prePrune │ └── supports-color@5.5.0
38 silly idealTree:prePrune ├── uri-js@4.2.2
38 silly idealTree:prePrune ├── urix@0.1.0
38 silly idealTree:prePrune ├── url-parse-lax@1.0.0
38 silly idealTree:prePrune ├── use@3.1.1
38 silly idealTree:prePrune ├── util-deprecate@1.0.2
38 silly idealTree:prePrune ├── utils-merge@1.0.1
38 silly idealTree:prePrune ├── uuid@3.3.3
38 silly idealTree:prePrune ├── validate-npm-package-license@3.0.4
38 silly idealTree:prePrune ├── validator@10.11.0
38 silly idealTree:prePrune ├── vary@1.1.2
38 silly idealTree:prePrune ├── verror@1.10.0
38 silly idealTree:prePrune ├── warning-symbol@0.1.0
38 silly idealTree:prePrune ├── which-module@1.0.0
38 silly idealTree:prePrune ├── which@1.3.1
38 silly idealTree:prePrune ├── wide-align@1.1.3
38 silly idealTree:prePrune ├─┬ widest-line@2.0.1
38 silly idealTree:prePrune │ ├── ansi-regex@3.0.0
38 silly idealTree:prePrune │ ├── is-fullwidth-code-point@2.0.0
38 silly idealTree:prePrune │ ├── string-width@2.1.1
38 silly idealTree:prePrune │ └── strip-ansi@4.0.0
38 silly idealTree:prePrune ├── wkx@0.4.8
38 silly idealTree:prePrune ├── wordwrap@0.0.3
38 silly idealTree:prePrune ├── wrap-ansi@2.1.0
38 silly idealTree:prePrune ├── wrappy@1.0.2
38 silly idealTree:prePrune ├── write-file-atomic@2.4.3
38 silly idealTree:prePrune ├── ws@7.2.0
38 silly idealTree:prePrune ├── xdg-basedir@3.0.0
38 silly idealTree:prePrune ├── xmlhttprequest-ssl@1.5.5
38 silly idealTree:prePrune ├── xtend@4.0.2
38 silly idealTree:prePrune ├── y18n@3.2.1
38 silly idealTree:prePrune ├── yallist@3.1.1
38 silly idealTree:prePrune ├─┬ yargs-parser@5.0.0
38 silly idealTree:prePrune │ └── camelcase@3.0.0
38 silly idealTree:prePrune ├─┬ yargs@7.1.0
38 silly idealTree:prePrune │ └── camelcase@3.0.0
38 silly idealTree:prePrune ├── year@0.2.1
38 silly idealTree:prePrune └── yeast@0.1.2
39 silly loadIdealTree Finishing
40 silly currentTree appxadrez@1.0.0
40 silly currentTree ├── @fortawesome/fontawesome-free@5.11.1
40 silly currentTree ├── @types/node@12.12.17
40 silly currentTree ├── abbrev@1.1.1
40 silly currentTree ├── accepts@1.3.7
40 silly currentTree ├── after@0.8.2
40 silly currentTree ├── ajv@6.10.2
40 silly currentTree ├── amdefine@1.0.1
40 silly currentTree ├─┬ ansi-align@2.0.0
40 silly currentTree │ ├── ansi-regex@3.0.0
40 silly currentTree │ ├── is-fullwidth-code-point@2.0.0
40 silly currentTree │ ├── string-width@2.1.1
40 silly currentTree │ └── strip-ansi@4.0.0
40 silly currentTree ├── ansi-bgblack@0.1.1
40 silly currentTree ├── ansi-bgblue@0.1.1
40 silly currentTree ├── ansi-bgcyan@0.1.1
40 silly currentTree ├── ansi-bggreen@0.1.1
40 silly currentTree ├── ansi-bgmagenta@0.1.1
40 silly currentTree ├── ansi-bgred@0.1.1
40 silly currentTree ├── ansi-bgwhite@0.1.1
40 silly currentTree ├── ansi-bgyellow@0.1.1
40 silly currentTree ├── ansi-black@0.1.1
40 silly currentTree ├── ansi-blue@0.1.1
40 silly currentTree ├── ansi-bold@0.1.1
40 silly currentTree ├── ansi-colors@0.2.0
40 silly currentTree ├── ansi-cyan@0.1.1
40 silly currentTree ├── ansi-dim@0.1.1
40 silly currentTree ├── ansi-gray@0.1.1
40 silly currentTree ├── ansi-green@0.1.1
40 silly currentTree ├── ansi-grey@0.1.1
40 silly currentTree ├── ansi-hidden@0.1.1
40 silly currentTree ├── ansi-inverse@0.1.1
40 silly currentTree ├── ansi-italic@0.1.1
40 silly currentTree ├── ansi-magenta@0.1.1
40 silly currentTree ├── ansi-red@0.1.1
40 silly currentTree ├── ansi-regex@2.1.1
40 silly currentTree ├── ansi-reset@0.1.1
40 silly currentTree ├── ansi-strikethrough@0.1.1
40 silly currentTree ├── ansi-styles@2.2.1
40 silly currentTree ├── ansi-underline@0.1.1
40 silly currentTree ├── ansi-white@0.1.1
40 silly currentTree ├── ansi-wrap@0.1.0
40 silly currentTree ├── ansi-yellow@0.1.1
40 silly currentTree ├── any-promise@1.3.0
40 silly currentTree ├─┬ anymatch@2.0.0
40 silly currentTree │ └── normalize-path@2.1.1
40 silly currentTree ├── aproba@1.2.0
40 silly currentTree ├── are-we-there-yet@1.1.5
40 silly currentTree ├── argparse@1.0.10
40 silly currentTree ├── arr-diff@4.0.0
40 silly currentTree ├── arr-flatten@1.1.0
40 silly currentTree ├── arr-union@3.1.0
40 silly currentTree ├── array-find-index@1.0.2
40 silly currentTree ├── array-flatten@1.1.1
40 silly currentTree ├─┬ array-sort@0.1.4
40 silly currentTree │ └── kind-of@5.1.0
40 silly currentTree ├── array-unique@0.3.2
40 silly currentTree ├── arraybuffer.slice@0.0.7
40 silly currentTree ├── asap@2.0.6
40 silly currentTree ├── asn1@0.2.4
40 silly currentTree ├── assert-plus@1.0.0
40 silly currentTree ├── assign-symbols@1.0.0
40 silly currentTree ├── async-each@1.0.3
40 silly currentTree ├── async-foreach@0.1.3
40 silly currentTree ├── async-limiter@1.0.1
40 silly currentTree ├── asynckit@0.4.0
40 silly currentTree ├── atob@2.1.2
40 silly currentTree ├── autolinker@0.28.1
40 silly currentTree ├── aws-sign2@0.7.0
40 silly currentTree ├── aws4@1.9.0
40 silly currentTree ├── babel-runtime@6.26.0
40 silly currentTree ├── backo2@1.0.2
40 silly currentTree ├── balanced-match@1.0.0
40 silly currentTree ├── base@0.11.2
40 silly currentTree ├── base64-arraybuffer@0.1.5
40 silly currentTree ├── base64id@2.0.0
40 silly currentTree ├── basic-auth@2.0.1
40 silly currentTree ├── bcrypt-pbkdf@1.0.2
40 silly currentTree ├── bcryptjs@2.4.3
40 silly currentTree ├── better-assert@1.0.2
40 silly currentTree ├── bignumber.js@7.2.1
40 silly currentTree ├── binary-extensions@1.13.1
40 silly currentTree ├── blob@0.0.5
40 silly currentTree ├── block-stream@0.0.9
40 silly currentTree ├── bluebird@3.7.2
40 silly currentTree ├─┬ body-parser@1.19.0
40 silly currentTree │ ├── http-errors@1.7.2
40 silly currentTree │ └── inherits@2.0.3
40 silly currentTree ├── bootstrap@4.3.1
40 silly currentTree ├─┬ boxen@1.3.0
40 silly currentTree │ ├── ansi-regex@3.0.0
40 silly currentTree │ ├── ansi-styles@3.2.1
40 silly currentTree │ ├── camelcase@4.1.0
40 silly currentTree │ ├── chalk@2.4.2
40 silly currentTree │ ├── is-fullwidth-code-point@2.0.0
40 silly currentTree │ ├── string-width@2.1.1
40 silly currentTree │ ├── strip-ansi@4.0.0
40 silly currentTree │ └── supports-color@5.5.0
40 silly currentTree ├── brace-expansion@1.1.11
40 silly currentTree ├── braces@2.3.2
40 silly currentTree ├── bytes@3.1.0
40 silly currentTree ├── cache-base@1.0.1
40 silly currentTree ├── callsite@1.0.0
40 silly currentTree ├── camelcase-keys@2.1.0
40 silly currentTree ├── camelcase@2.1.1
40 silly currentTree ├── capture-stack-trace@1.0.1
40 silly currentTree ├── caseless@0.12.0
40 silly currentTree ├── chalk@1.1.3
40 silly currentTree ├── chokidar@2.1.8
40 silly currentTree ├── ci-info@1.6.0
40 silly currentTree ├─┬ class-utils@0.3.6
40 silly currentTree │ └── define-property@0.2.5
40 silly currentTree ├── cli-boxes@1.0.0
40 silly currentTree ├── cli-color@1.4.0
40 silly currentTree ├── cliui@3.2.0
40 silly currentTree ├── cls-bluebird@2.1.0
40 silly currentTree ├── code-point-at@1.1.0
40 silly currentTree ├── collection-visit@1.0.0
40 silly currentTree ├── color-convert@1.9.3
40 silly currentTree ├── color-name@1.1.3
40 silly currentTree ├── combined-stream@1.0.8
40 silly currentTree ├── commander@2.20.3
40 silly currentTree ├── component-bind@1.0.0
40 silly currentTree ├── component-emitter@1.3.0
40 silly currentTree ├── component-inherit@0.0.3
40 silly currentTree ├── concat-map@0.0.1
40 silly currentTree ├── concat-with-sourcemaps@1.1.0
40 silly currentTree ├── config-chain@1.1.12
40 silly currentTree ├── configstore@3.1.2
40 silly currentTree ├── console-control-strings@1.1.0
40 silly currentTree ├── content-disposition@0.5.3
40 silly currentTree ├── content-type@1.0.4
40 silly currentTree ├── cookie-parser@1.4.4
40 silly currentTree ├── cookie-signature@1.0.6
40 silly currentTree ├── cookie@0.3.1
40 silly currentTree ├── copy-descriptor@0.1.1
40 silly currentTree ├── core-js@2.6.11
40 silly currentTree ├── core-util-is@1.0.2
40 silly currentTree ├── create-error-class@3.0.2
40 silly currentTree ├─┬ create-frame@1.0.0
40 silly currentTree │ └── define-property@0.2.5
40 silly currentTree ├─┬ cross-spawn@3.0.1
40 silly currentTree │ ├── lru-cache@4.1.5
40 silly currentTree │ └── yallist@2.1.2
40 silly currentTree ├── crypto-random-string@1.0.0
40 silly currentTree ├── csrf@3.1.0
40 silly currentTree ├── csurf@1.10.0
40 silly currentTree ├── currently-unhandled@0.4.1
40 silly currentTree ├── d@1.0.1
40 silly currentTree ├── dashdash@1.14.1
40 silly currentTree ├─┬ date.js@0.3.3
40 silly currentTree │ └── debug@3.1.0
40 silly currentTree ├── debug@2.6.9
40 silly currentTree ├── decamelize@1.2.0
40 silly currentTree ├── decode-uri-component@0.2.0
40 silly currentTree ├── deep-extend@0.6.0
40 silly currentTree ├─┬ default-compare@1.0.0
40 silly currentTree │ └── kind-of@5.1.0
40 silly currentTree ├── define-properties@1.1.3
40 silly currentTree ├─┬ define-property@1.0.0
40 silly currentTree │ ├── is-accessor-descriptor@1.0.0
40 silly currentTree │ ├── is-data-descriptor@1.0.0
40 silly currentTree │ └── is-descriptor@1.0.2
40 silly currentTree ├── delayed-stream@1.0.0
40 silly currentTree ├── delegates@1.0.0
40 silly currentTree ├── denque@1.4.1
40 silly currentTree ├── depd@1.1.2
40 silly currentTree ├── destroy@1.0.4
40 silly currentTree ├── dot-prop@4.2.0
40 silly currentTree ├── dottie@2.0.2
40 silly currentTree ├── duplexer3@0.1.4
40 silly currentTree ├── ecc-jsbn@0.1.2
40 silly currentTree ├─┬ editorconfig@0.15.3
40 silly currentTree │ ├── lru-cache@4.1.5
40 silly currentTree │ └── yallist@2.1.2
40 silly currentTree ├── ee-first@1.1.1
40 silly currentTree ├── emoji-regex@7.0.3
40 silly currentTree ├── encodeurl@1.0.2
40 silly currentTree ├─┬ engine.io-client@3.4.0
40 silly currentTree │ ├── component-emitter@1.2.1
40 silly currentTree │ ├── debug@4.1.1
40 silly currentTree │ ├── ms@2.1.2
40 silly currentTree │ └── ws@6.1.4
40 silly currentTree ├── engine.io-parser@2.2.0
40 silly currentTree ├─┬ engine.io@3.4.0
40 silly currentTree │ ├── debug@4.1.1
40 silly currentTree │ └── ms@2.1.2
40 silly currentTree ├── ent@2.2.0
40 silly currentTree ├── error-ex@1.3.2
40 silly currentTree ├── error-symbol@0.1.0
40 silly currentTree ├── es5-ext@0.10.53
40 silly currentTree ├── es6-iterator@2.0.3
40 silly currentTree ├── es6-symbol@3.1.3
40 silly currentTree ├── es6-weak-map@2.0.3
40 silly currentTree ├── escape-html@1.0.3
40 silly currentTree ├── escape-string-regexp@1.0.5
40 silly currentTree ├── etag@1.8.1
40 silly currentTree ├── event-emitter@0.3.5
40 silly currentTree ├─┬ execa@0.7.0
40 silly currentTree │ ├── cross-spawn@5.1.0
40 silly currentTree │ ├── lru-cache@4.1.5
40 silly currentTree │ └── yallist@2.1.2
40 silly currentTree ├─┬ expand-brackets@2.1.4
40 silly currentTree │ └── define-property@0.2.5
40 silly currentTree ├── express-handlebars@3.1.0
40 silly currentTree ├─┬ express-session@1.17.0
40 silly currentTree │ ├── cookie@0.4.0
40 silly currentTree │ ├── depd@2.0.0
40 silly currentTree │ └── safe-buffer@5.2.0
40 silly currentTree ├─┬ express@4.17.1
40 silly currentTree │ └── cookie@0.4.0
40 silly currentTree ├─┬ ext@1.4.0
40 silly currentTree │ └── type@2.0.0
40 silly currentTree ├── extend-shallow@2.0.1
40 silly currentTree ├── extend@3.0.2
40 silly currentTree ├── extglob@2.0.4
40 silly currentTree ├── extsprintf@1.3.0
40 silly currentTree ├─┬ falsey@0.3.2
40 silly currentTree │ └── kind-of@5.1.0
40 silly currentTree ├── fast-deep-equal@2.0.1
40 silly currentTree ├── fast-json-stable-stringify@2.0.0
40 silly currentTree ├─┬ fill-range@4.0.0
40 silly currentTree │ ├── is-number@3.0.0
40 silly currentTree │ └── kind-of@3.2.2
40 silly currentTree ├── finalhandler@1.1.2
40 silly currentTree ├── find-up@1.1.2
40 silly currentTree ├── for-in@1.0.2
40 silly currentTree ├── for-own@1.0.0
40 silly currentTree ├── forever-agent@0.6.1
40 silly currentTree ├── form-data@2.3.3
40 silly currentTree ├── forwarded@0.1.2
40 silly currentTree ├── fragment-cache@0.2.1
40 silly currentTree ├── fresh@0.5.2
40 silly currentTree ├── fs-exists-sync@0.1.0
40 silly currentTree ├── fs-extra@7.0.1
40 silly currentTree ├── fs.realpath@1.0.0
40 silly currentTree ├── fstream@1.0.12
40 silly currentTree ├── function-bind@1.1.1
40 silly currentTree ├── gauge@2.7.4
40 silly currentTree ├── gaze@1.1.3
40 silly currentTree ├── generate-function@2.3.1
40 silly currentTree ├── get-caller-file@1.0.3
40 silly currentTree ├─┬ get-object@0.2.0
40 silly currentTree │ ├── is-number@2.1.0
40 silly currentTree │ ├── isobject@0.2.0
40 silly currentTree │ └── kind-of@3.2.2
40 silly currentTree ├── get-stdin@4.0.1
40 silly currentTree ├── get-stream@3.0.0
40 silly currentTree ├── get-value@2.0.6
40 silly currentTree ├── getpass@0.1.7
40 silly currentTree ├─┬ glob-parent@3.1.0
40 silly currentTree │ └── is-glob@3.1.0
40 silly currentTree ├── glob@7.1.6
40 silly currentTree ├── global-dirs@0.1.1
40 silly currentTree ├── globule@1.2.1
40 silly currentTree ├── got@6.7.1
40 silly currentTree ├── graceful-fs@4.2.3
40 silly currentTree ├── gulp-header@1.8.12
40 silly currentTree ├── handlebars-helper-create-frame@0.1.0
40 silly currentTree ├── handlebars-helpers@0.10.0
40 silly currentTree ├── handlebars-utils@1.0.6
40 silly currentTree ├── handlebars@4.5.3
40 silly currentTree ├── har-schema@2.0.0
40 silly currentTree ├── har-validator@5.1.3
40 silly currentTree ├── has-ansi@2.0.0
40 silly currentTree ├─┬ has-binary2@1.0.3
40 silly currentTree │ └── isarray@2.0.1
40 silly currentTree ├── has-cors@1.1.0
40 silly currentTree ├── has-flag@3.0.0
40 silly currentTree ├── has-symbols@1.0.1
40 silly currentTree ├── has-unicode@2.0.1
40 silly currentTree ├── has-value@1.0.0
40 silly currentTree ├─┬ has-values@1.0.0
40 silly currentTree │ ├─┬ is-number@3.0.0
40 silly currentTree │ │ └── kind-of@3.2.2
40 silly currentTree │ └── kind-of@4.0.0
40 silly currentTree ├── helper-date@1.0.1
40 silly currentTree ├── helper-markdown@1.0.0
40 silly currentTree ├── helper-md@0.2.2
40 silly currentTree ├── highlight.js@9.17.0
40 silly currentTree ├── hosted-git-info@2.8.5
40 silly currentTree ├── html-tag@2.0.0
40 silly currentTree ├── http-errors@1.7.3
40 silly currentTree ├── http-signature@1.2.0
40 silly currentTree ├── iconv-lite@0.4.24
40 silly currentTree ├── ignore-by-default@1.0.1
40 silly currentTree ├── import-lazy@2.1.0
40 silly currentTree ├── imurmurhash@0.1.4
40 silly currentTree ├── in-publish@2.0.0
40 silly currentTree ├── indent-string@2.1.0
40 silly currentTree ├── indexof@0.0.1
40 silly currentTree ├── inflection@1.12.0
40 silly currentTree ├── inflight@1.0.6
40 silly currentTree ├── info-symbol@0.1.0
40 silly currentTree ├── inherits@2.0.4
40 silly currentTree ├── ini@1.3.5
40 silly currentTree ├── invert-kv@1.0.0
40 silly currentTree ├── ipaddr.js@1.9.0
40 silly currentTree ├─┬ is-accessor-descriptor@0.1.6
40 silly currentTree │ └── kind-of@3.2.2
40 silly currentTree ├── is-arrayish@0.2.1
40 silly currentTree ├── is-binary-path@1.0.1
40 silly currentTree ├── is-bluebird@1.0.2
40 silly currentTree ├── is-buffer@1.1.6
40 silly currentTree ├── is-ci@1.2.1
40 silly currentTree ├─┬ is-data-descriptor@0.1.4
40 silly currentTree │ └── kind-of@3.2.2
40 silly currentTree ├─┬ is-descriptor@0.1.6
40 silly currentTree │ └── kind-of@5.1.0
40 silly currentTree ├── is-even@1.0.0
40 silly currentTree ├── is-extendable@0.1.1
40 silly currentTree ├── is-extglob@2.1.1
40 silly currentTree ├── is-finite@1.0.2
40 silly currentTree ├── is-fullwidth-code-point@1.0.0
40 silly currentTree ├── is-glob@4.0.1
40 silly currentTree ├── is-installed-globally@0.1.0
40 silly currentTree ├── is-npm@1.0.0
40 silly currentTree ├── is-number@4.0.0
40 silly currentTree ├── is-obj@1.0.1
40 silly currentTree ├─┬ is-odd@0.1.2
40 silly currentTree │ ├── is-number@3.0.0
40 silly currentTree │ └── kind-of@3.2.2
40 silly currentTree ├── is-path-inside@1.0.1
40 silly currentTree ├── is-plain-object@2.0.4
40 silly currentTree ├── is-promise@2.1.0
40 silly currentTree ├── is-property@1.0.2
40 silly currentTree ├── is-redirect@1.0.0
40 silly currentTree ├── is-retry-allowed@1.2.0
40 silly currentTree ├── is-self-closing@1.0.1
40 silly currentTree ├── is-stream@1.1.0
40 silly currentTree ├── is-typedarray@1.0.0
40 silly currentTree ├── is-utf8@0.2.1
40 silly currentTree ├── is-windows@1.0.2
40 silly currentTree ├── isarray@1.0.0
40 silly currentTree ├── isexe@2.0.0
40 silly currentTree ├── isobject@3.0.1
40 silly currentTree ├── isstream@0.1.2
40 silly currentTree ├── jquery@3.4.1
40 silly currentTree ├── js-base64@2.5.1
40 silly currentTree ├─┬ js-beautify@1.10.2
40 silly currentTree │ └── nopt@4.0.1
40 silly currentTree ├── jsbn@0.1.1
40 silly currentTree ├── json-schema-traverse@0.4.1
40 silly currentTree ├── json-schema@0.2.3
40 silly currentTree ├── json-stringify-safe@5.0.1
40 silly currentTree ├── jsonfile@4.0.0
40 silly currentTree ├── jsprim@1.4.1
40 silly currentTree ├── kind-of@6.0.2
40 silly currentTree ├── latest-version@3.1.0
40 silly currentTree ├── lazy-cache@2.0.2
40 silly currentTree ├── lcid@1.0.0
40 silly currentTree ├── load-json-file@1.1.0
40 silly currentTree ├─┬ locate-path@3.0.0
40 silly currentTree │ └── path-exists@3.0.0
40 silly currentTree ├── lodash._reinterpolate@3.0.0
40 silly currentTree ├── lodash.template@4.5.0
40 silly currentTree ├── lodash.templatesettings@4.2.0
40 silly currentTree ├── lodash@4.17.15
40 silly currentTree ├── log-ok@0.1.1
40 silly currentTree ├── log-utils@0.2.1
40 silly currentTree ├── logging-helpers@1.0.0
40 silly currentTree ├── long@4.0.0
40 silly currentTree ├── loud-rejection@1.6.0
40 silly currentTree ├── lowercase-keys@1.0.1
40 silly currentTree ├── lru-cache@5.1.1
40 silly currentTree ├── lru-queue@0.1.0
40 silly currentTree ├─┬ make-dir@1.3.0
40 silly currentTree │ └── pify@3.0.0
40 silly currentTree ├── map-cache@0.2.2
40 silly currentTree ├── map-obj@1.0.1
40 silly currentTree ├── map-visit@1.0.0
40 silly currentTree ├── media-typer@0.3.0
40 silly currentTree ├── memoizee@0.4.14
40 silly currentTree ├─┬ meow@3.7.0
40 silly currentTree │ └── minimist@1.2.0
40 silly currentTree ├── merge-descriptors@1.0.1
40 silly currentTree ├── methods@1.1.2
40 silly currentTree ├─┬ micromatch@3.1.10
40 silly currentTree │ ├── define-property@2.0.2
40 silly currentTree │ ├── extend-shallow@3.0.2
40 silly currentTree │ ├── is-accessor-descriptor@1.0.0
40 silly currentTree │ ├── is-data-descriptor@1.0.0
40 silly currentTree │ ├── is-descriptor@1.0.2
40 silly currentTree │ └── is-extendable@1.0.1
40 silly currentTree ├── mime-db@1.42.0
40 silly currentTree ├── mime-types@2.1.25
40 silly currentTree ├── mime@1.6.0
40 silly currentTree ├── minimatch@3.0.4
40 silly currentTree ├── minimist@0.0.10
40 silly currentTree ├─┬ mixin-deep@1.3.2
40 silly currentTree │ └── is-extendable@1.0.1
40 silly currentTree ├─┬ mkdirp@0.5.1
40 silly currentTree │ └── minimist@0.0.8
40 silly currentTree ├── moment-timezone@0.5.27
40 silly currentTree ├── moment@2.24.0
40 silly currentTree ├── morgan@1.9.1
40 silly currentTree ├── ms@2.0.0
40 silly currentTree ├── mysql@2.17.1
40 silly currentTree ├─┬ mysql2@1.7.0
40 silly currentTree │ └── iconv-lite@0.5.0
40 silly currentTree ├─┬ named-placeholders@1.1.2
40 silly currentTree │ ├── lru-cache@4.1.5
40 silly currentTree │ └── yallist@2.1.2
40 silly currentTree ├── nan@2.14.0
40 silly currentTree ├─┬ nanomatch@1.2.13
40 silly currentTree │ ├── define-property@2.0.2
40 silly currentTree │ ├── extend-shallow@3.0.2
40 silly currentTree │ ├── is-accessor-descriptor@1.0.0
40 silly currentTree │ ├── is-data-descriptor@1.0.0
40 silly currentTree │ ├── is-descriptor@1.0.2
40 silly currentTree │ └── is-extendable@1.0.1
40 silly currentTree ├── negotiator@0.6.2
40 silly currentTree ├── neo-async@2.6.1
40 silly currentTree ├── next-tick@1.0.0
40 silly currentTree ├─┬ node-gyp@3.8.0
40 silly currentTree │ └── semver@5.3.0
40 silly currentTree ├── node-sass-middleware@0.11.0
40 silly currentTree ├── node-sass@4.13.0
40 silly currentTree ├─┬ nodemon@1.19.2
40 silly currentTree │ ├── debug@3.2.6
40 silly currentTree │ ├── ms@2.1.2
40 silly currentTree │ └── supports-color@5.5.0
40 silly currentTree ├── nopt@3.0.6
40 silly currentTree ├── normalize-package-data@2.5.0
40 silly currentTree ├── normalize-path@3.0.0
40 silly currentTree ├── npm-run-path@2.0.2
40 silly currentTree ├── npmlog@4.1.2
40 silly currentTree ├── number-is-nan@1.0.1
40 silly currentTree ├── oauth-sign@0.9.0
40 silly currentTree ├── object-assign@4.1.1
40 silly currentTree ├── object-component@0.0.3
40 silly currentTree ├─┬ object-copy@0.1.0
40 silly currentTree │ ├── define-property@0.2.5
40 silly currentTree │ └── kind-of@3.2.2
40 silly currentTree ├── object-keys@1.1.1
40 silly currentTree ├── object-visit@1.0.1
40 silly currentTree ├── object.assign@4.1.0
40 silly currentTree ├── object.pick@1.3.0
40 silly currentTree ├── on-finished@2.3.0
40 silly currentTree ├── on-headers@1.0.2
40 silly currentTree ├── once@1.4.0
40 silly currentTree ├── optimist@0.6.1
40 silly currentTree ├── os-homedir@1.0.2
40 silly currentTree ├── os-locale@1.4.0
40 silly currentTree ├── os-tmpdir@1.0.2
40 silly currentTree ├── osenv@0.1.5
40 silly currentTree ├── p-finally@1.0.0
40 silly currentTree ├── p-limit@2.2.1
40 silly currentTree ├── p-locate@3.0.0
40 silly currentTree ├── p-try@2.2.0
40 silly currentTree ├── package-json@4.0.1
40 silly currentTree ├── parse-json@2.2.0
40 silly currentTree ├── parseqs@0.0.5
40 silly currentTree ├── parseuri@0.0.5
40 silly currentTree ├── parseurl@1.3.3
40 silly currentTree ├── pascalcase@0.1.1
40 silly currentTree ├── path-dirname@1.0.2
40 silly currentTree ├── path-exists@2.1.0
40 silly currentTree ├── path-is-absolute@1.0.1
40 silly currentTree ├── path-is-inside@1.0.2
40 silly currentTree ├── path-key@2.0.1
40 silly currentTree ├── path-parse@1.0.6
40 silly currentTree ├── path-to-regexp@0.1.7
40 silly currentTree ├── path-type@1.1.0
40 silly currentTree ├── performance-now@2.1.0
40 silly currentTree ├── pify@2.3.0
40 silly currentTree ├── pinkie-promise@2.0.1
40 silly currentTree ├── pinkie@2.0.4
40 silly currentTree ├── popper.js@1.15.0
40 silly currentTree ├── posix-character-classes@0.1.1
40 silly currentTree ├── prepend-http@1.0.4
40 silly currentTree ├── process-nextick-args@2.0.1
40 silly currentTree ├── promise@8.0.3
40 silly currentTree ├── proto-list@1.2.4
40 silly currentTree ├── proxy-addr@2.0.5
40 silly currentTree ├── pseudomap@1.0.2
40 silly currentTree ├── psl@1.6.0
40 silly currentTree ├── pstree.remy@1.1.7
40 silly currentTree ├── punycode@2.1.1
40 silly currentTree ├── qs@6.7.0
40 silly currentTree ├── random-bytes@1.0.0
40 silly currentTree ├── range-parser@1.2.1
40 silly currentTree ├─┬ raw-body@2.4.0
40 silly currentTree │ ├── http-errors@1.7.2
40 silly currentTree │ └── inherits@2.0.3
40 silly currentTree ├─┬ rc@1.2.8
40 silly currentTree │ └── minimist@1.2.0
40 silly currentTree ├── read-pkg-up@1.0.1
40 silly currentTree ├── read-pkg@1.1.0
40 silly currentTree ├── readable-stream@2.3.6
40 silly currentTree ├── readdirp@2.2.1
40 silly currentTree ├── redent@1.0.0
40 silly currentTree ├── regenerator-runtime@0.11.1
40 silly currentTree ├─┬ regex-not@1.0.2
40 silly currentTree │ ├── extend-shallow@3.0.2
40 silly currentTree │ └── is-extendable@1.0.1
40 silly currentTree ├── registry-auth-token@3.4.0
40 silly currentTree ├── registry-url@3.1.0
40 silly currentTree ├─┬ relative@3.0.2
40 silly currentTree │ └── isobject@2.1.0
40 silly currentTree ├── remarkable@1.7.4
40 silly currentTree ├── remove-trailing-separator@1.1.0
40 silly currentTree ├── repeat-element@1.1.3
40 silly currentTree ├── repeat-string@1.6.1
40 silly currentTree ├── repeating@2.0.1
40 silly currentTree ├─┬ request@2.88.0
40 silly currentTree │ └── qs@6.5.2
40 silly currentTree ├── require-directory@2.1.1
40 silly currentTree ├── require-main-filename@1.0.1
40 silly currentTree ├── resolve-url@0.2.1
40 silly currentTree ├── resolve@1.13.1
40 silly currentTree ├── ret@0.1.15
40 silly currentTree ├── retry-as-promised@3.2.0
40 silly currentTree ├── rimraf@2.7.1
40 silly currentTree ├── rndm@1.2.0
40 silly currentTree ├── safe-buffer@5.1.2
40 silly currentTree ├── safe-regex@1.1.0
40 silly currentTree ├── safer-buffer@2.1.2
40 silly currentTree ├── sass-graph@2.2.4
40 silly currentTree ├── sass@1.22.12
40 silly currentTree ├─┬ scss-tokenizer@0.2.3
40 silly currentTree │ └── source-map@0.4.4
40 silly currentTree ├── self-closing-tags@1.0.1
40 silly currentTree ├── semver-diff@2.1.0
40 silly currentTree ├── semver@5.7.1
40 silly currentTree ├─┬ send@0.17.1
40 silly currentTree │ └── ms@2.1.1
40 silly currentTree ├── seq-queue@0.0.5
40 silly currentTree ├─┬ sequelize-cli@5.5.1
40 silly currentTree │ ├── ansi-regex@4.1.0
40 silly currentTree │ ├── ansi-styles@3.2.1
40 silly currentTree │ ├── camelcase@5.3.1
40 silly currentTree │ ├── cliui@5.0.0
40 silly currentTree │ ├── find-up@3.0.0
40 silly currentTree │ ├── get-caller-file@2.0.5
40 silly currentTree │ ├── is-fullwidth-code-point@2.0.0
40 silly currentTree │ ├── require-main-filename@2.0.0
40 silly currentTree │ ├── string-width@3.1.0
40 silly currentTree │ ├── strip-ansi@5.2.0
40 silly currentTree │ ├── which-module@2.0.0
40 silly currentTree │ ├── wrap-ansi@5.1.0
40 silly currentTree │ ├── y18n@4.0.0
40 silly currentTree │ ├── yargs-parser@13.1.1
40 silly currentTree │ └── yargs@13.3.0
40 silly currentTree ├── sequelize-pool@2.3.0
40 silly currentTree ├─┬ sequelize@5.21.2
40 silly currentTree │ ├── debug@4.1.1
40 silly currentTree │ ├── ms@2.1.2
40 silly currentTree │ └── semver@6.3.0
40 silly currentTree ├── serve-static@1.14.1
40 silly currentTree ├── set-blocking@2.0.0
40 silly currentTree ├── set-getter@0.1.0
40 silly currentTree ├── set-value@2.0.1
40 silly currentTree ├── setprototypeof@1.1.1
40 silly currentTree ├── shebang-command@1.2.0
40 silly currentTree ├── shebang-regex@1.0.0
40 silly currentTree ├── shimmer@1.2.1
40 silly currentTree ├── sigmund@1.0.1
40 silly currentTree ├── signal-exit@3.0.2
40 silly currentTree ├── snapdragon-node@2.1.1
40 silly currentTree ├─┬ snapdragon-util@3.0.1
40 silly currentTree │ └── kind-of@3.2.2
40 silly currentTree ├─┬ snapdragon@0.8.2
40 silly currentTree │ ├── define-property@0.2.5
40 silly currentTree │ └── source-map@0.5.7
40 silly currentTree ├── socket.io-adapter@1.1.2
40 silly currentTree ├─┬ socket.io-client@2.3.0
40 silly currentTree │ ├── component-emitter@1.2.1
40 silly currentTree │ ├── debug@4.1.1
40 silly currentTree │ ├── isarray@2.0.1
40 silly currentTree │ ├── ms@2.1.2
40 silly currentTree │ └─┬ socket.io-parser@3.3.0
40 silly currentTree │   ├── debug@3.1.0
40 silly currentTree │   └── ms@2.0.0
40 silly currentTree ├─┬ socket.io-parser@3.4.0
40 silly currentTree │ ├── component-emitter@1.2.1
40 silly currentTree │ ├── debug@4.1.1
40 silly currentTree │ ├── isarray@2.0.1
40 silly currentTree │ └── ms@2.1.2
40 silly currentTree ├─┬ socket.io@2.3.0
40 silly currentTree │ ├── debug@4.1.1
40 silly currentTree │ └── ms@2.1.2
40 silly currentTree ├── source-map-resolve@0.5.2
40 silly currentTree ├── source-map-url@0.4.0
40 silly currentTree ├── source-map@0.6.1
40 silly currentTree ├── spdx-correct@3.1.0
40 silly currentTree ├── spdx-exceptions@2.2.0
40 silly currentTree ├── spdx-expression-parse@3.0.0
40 silly currentTree ├── spdx-license-ids@3.0.5
40 silly currentTree ├─┬ split-string@3.1.0
40 silly currentTree │ ├── extend-shallow@3.0.2
40 silly currentTree │ └── is-extendable@1.0.1
40 silly currentTree ├── sprintf-js@1.0.3
40 silly currentTree ├── sqlstring@2.3.1
40 silly currentTree ├── sshpk@1.16.1
40 silly currentTree ├─┬ static-extend@0.1.2
40 silly currentTree │ └── define-property@0.2.5
40 silly currentTree ├── statuses@1.5.0
40 silly currentTree ├── stdout-stream@1.4.1
40 silly currentTree ├── string_decoder@1.1.1
40 silly currentTree ├── string-width@1.0.2
40 silly currentTree ├── strip-ansi@3.0.1
40 silly currentTree ├── strip-bom@2.0.0
40 silly currentTree ├── strip-eof@1.0.0
40 silly currentTree ├── strip-indent@1.0.1
40 silly currentTree ├── strip-json-comments@2.0.1
40 silly currentTree ├── striptags@3.1.1
40 silly currentTree ├── success-symbol@0.1.0
40 silly currentTree ├── supports-color@2.0.0
40 silly currentTree ├── tar@2.2.2
40 silly currentTree ├── term-size@1.2.0
40 silly currentTree ├── through2@2.0.5
40 silly currentTree ├── time-stamp@1.1.0
40 silly currentTree ├── timed-out@4.0.1
40 silly currentTree ├── timers-ext@0.1.7
40 silly currentTree ├── to-array@0.1.4
40 silly currentTree ├── to-gfm-code-block@0.1.1
40 silly currentTree ├─┬ to-object-path@0.3.0
40 silly currentTree │ └── kind-of@3.2.2
40 silly currentTree ├─┬ to-regex-range@2.1.1
40 silly currentTree │ ├── is-number@3.0.0
40 silly currentTree │ └── kind-of@3.2.2
40 silly currentTree ├─┬ to-regex@3.0.2
40 silly currentTree │ ├── define-property@2.0.2
40 silly currentTree │ ├── extend-shallow@3.0.2
40 silly currentTree │ ├── is-accessor-descriptor@1.0.0
40 silly currentTree │ ├── is-data-descriptor@1.0.0
40 silly currentTree │ ├── is-descriptor@1.0.2
40 silly currentTree │ └── is-extendable@1.0.1
40 silly currentTree ├── toidentifier@1.0.0
40 silly currentTree ├── toposort-class@1.0.1
40 silly currentTree ├─┬ touch@3.1.0
40 silly currentTree │ └── nopt@1.0.10
40 silly currentTree ├─┬ tough-cookie@2.4.3
40 silly currentTree │ └── punycode@1.4.1
40 silly currentTree ├── trim-newlines@1.0.0
40 silly currentTree ├── true-case-path@1.0.3
40 silly currentTree ├── tsscmp@1.0.6
40 silly currentTree ├── tunnel-agent@0.6.0
40 silly currentTree ├── tweetnacl@0.14.5
40 silly currentTree ├── type-is@1.6.18
40 silly currentTree ├── type@1.2.0
40 silly currentTree ├─┬ typeof-article@0.1.1
40 silly currentTree │ └── kind-of@3.2.2
40 silly currentTree ├── uglify-js@3.7.2
40 silly currentTree ├── uid-safe@2.1.5
40 silly currentTree ├── umzug@2.2.0
40 silly currentTree ├── undefsafe@2.0.2
40 silly currentTree ├── union-value@1.0.1
40 silly currentTree ├── unique-string@1.0.0
40 silly currentTree ├── universalify@0.1.2
40 silly currentTree ├── unpipe@1.0.0
40 silly currentTree ├─┬ unset-value@1.0.0
40 silly currentTree │ ├─┬ has-value@0.3.1
40 silly currentTree │ │ └── isobject@2.1.0
40 silly currentTree │ └── has-values@0.1.4
40 silly currentTree ├── unzip-response@2.0.1
40 silly currentTree ├── upath@1.2.0
40 silly currentTree ├─┬ update-notifier@2.5.0
40 silly currentTree │ ├── ansi-styles@3.2.1
40 silly currentTree │ ├── chalk@2.4.2
40 silly currentTree │ └── supports-color@5.5.0
40 silly currentTree ├── uri-js@4.2.2
40 silly currentTree ├── urix@0.1.0
40 silly currentTree ├── url-parse-lax@1.0.0
40 silly currentTree ├── use@3.1.1
40 silly currentTree ├── util-deprecate@1.0.2
40 silly currentTree ├── utils-merge@1.0.1
40 silly currentTree ├── uuid@3.3.3
40 silly currentTree ├── validate-npm-package-license@3.0.4
40 silly currentTree ├── validator@10.11.0
40 silly currentTree ├── vary@1.1.2
40 silly currentTree ├── verror@1.10.0
40 silly currentTree ├── warning-symbol@0.1.0
40 silly currentTree ├── which-module@1.0.0
40 silly currentTree ├── which@1.3.1
40 silly currentTree ├── wide-align@1.1.3
40 silly currentTree ├─┬ widest-line@2.0.1
40 silly currentTree │ ├── ansi-regex@3.0.0
40 silly currentTree │ ├── is-fullwidth-code-point@2.0.0
40 silly currentTree │ ├── string-width@2.1.1
40 silly currentTree │ └── strip-ansi@4.0.0
40 silly currentTree ├── wkx@0.4.8
40 silly currentTree ├── wordwrap@0.0.3
40 silly currentTree ├── wrap-ansi@2.1.0
40 silly currentTree ├── wrappy@1.0.2
40 silly currentTree ├── write-file-atomic@2.4.3
40 silly currentTree ├── ws@7.2.0
40 silly currentTree ├── xdg-basedir@3.0.0
40 silly currentTree ├── xmlhttprequest-ssl@1.5.5
40 silly currentTree ├── xtend@4.0.2
40 silly currentTree ├── y18n@3.2.1
40 silly currentTree ├── yallist@3.1.1
40 silly currentTree ├─┬ yargs-parser@5.0.0
40 silly currentTree │ └── camelcase@3.0.0
40 silly currentTree ├─┬ yargs@7.1.0
40 silly currentTree │ └── camelcase@3.0.0
40 silly currentTree ├── year@0.2.1
40 silly currentTree └── yeast@0.1.2
41 silly idealTree appxadrez@1.0.0
41 silly idealTree ├── @fortawesome/fontawesome-free@5.11.1
41 silly idealTree ├── @types/node@12.12.17
41 silly idealTree ├── abbrev@1.1.1
41 silly idealTree ├── accepts@1.3.7
41 silly idealTree ├── after@0.8.2
41 silly idealTree ├── ajv@6.10.2
41 silly idealTree ├── amdefine@1.0.1
41 silly idealTree ├─┬ ansi-align@2.0.0
41 silly idealTree │ ├── ansi-regex@3.0.0
41 silly idealTree │ ├── is-fullwidth-code-point@2.0.0
41 silly idealTree │ ├── string-width@2.1.1
41 silly idealTree │ └── strip-ansi@4.0.0
41 silly idealTree ├── ansi-bgblack@0.1.1
41 silly idealTree ├── ansi-bgblue@0.1.1
41 silly idealTree ├── ansi-bgcyan@0.1.1
41 silly idealTree ├── ansi-bggreen@0.1.1
41 silly idealTree ├── ansi-bgmagenta@0.1.1
41 silly idealTree ├── ansi-bgred@0.1.1
41 silly idealTree ├── ansi-bgwhite@0.1.1
41 silly idealTree ├── ansi-bgyellow@0.1.1
41 silly idealTree ├── ansi-black@0.1.1
41 silly idealTree ├── ansi-blue@0.1.1
41 silly idealTree ├── ansi-bold@0.1.1
41 silly idealTree ├── ansi-colors@0.2.0
41 silly idealTree ├── ansi-cyan@0.1.1
41 silly idealTree ├── ansi-dim@0.1.1
41 silly idealTree ├── ansi-gray@0.1.1
41 silly idealTree ├── ansi-green@0.1.1
41 silly idealTree ├── ansi-grey@0.1.1
41 silly idealTree ├── ansi-hidden@0.1.1
41 silly idealTree ├── ansi-inverse@0.1.1
41 silly idealTree ├── ansi-italic@0.1.1
41 silly idealTree ├── ansi-magenta@0.1.1
41 silly idealTree ├── ansi-red@0.1.1
41 silly idealTree ├── ansi-regex@2.1.1
41 silly idealTree ├── ansi-reset@0.1.1
41 silly idealTree ├── ansi-strikethrough@0.1.1
41 silly idealTree ├── ansi-styles@2.2.1
41 silly idealTree ├── ansi-underline@0.1.1
41 silly idealTree ├── ansi-white@0.1.1
41 silly idealTree ├── ansi-wrap@0.1.0
41 silly idealTree ├── ansi-yellow@0.1.1
41 silly idealTree ├── any-promise@1.3.0
41 silly idealTree ├─┬ anymatch@2.0.0
41 silly idealTree │ └── normalize-path@2.1.1
41 silly idealTree ├── aproba@1.2.0
41 silly idealTree ├── are-we-there-yet@1.1.5
41 silly idealTree ├── argparse@1.0.10
41 silly idealTree ├── arr-diff@4.0.0
41 silly idealTree ├── arr-flatten@1.1.0
41 silly idealTree ├── arr-union@3.1.0
41 silly idealTree ├── array-find-index@1.0.2
41 silly idealTree ├── array-flatten@1.1.1
41 silly idealTree ├─┬ array-sort@0.1.4
41 silly idealTree │ └── kind-of@5.1.0
41 silly idealTree ├── array-unique@0.3.2
41 silly idealTree ├── arraybuffer.slice@0.0.7
41 silly idealTree ├── asap@2.0.6
41 silly idealTree ├── asn1@0.2.4
41 silly idealTree ├── assert-plus@1.0.0
41 silly idealTree ├── assign-symbols@1.0.0
41 silly idealTree ├── async-each@1.0.3
41 silly idealTree ├── async-foreach@0.1.3
41 silly idealTree ├── async-limiter@1.0.1
41 silly idealTree ├── asynckit@0.4.0
41 silly idealTree ├── atob@2.1.2
41 silly idealTree ├── autolinker@0.28.1
41 silly idealTree ├── aws-sign2@0.7.0
41 silly idealTree ├── aws4@1.9.0
41 silly idealTree ├── babel-runtime@6.26.0
41 silly idealTree ├── backo2@1.0.2
41 silly idealTree ├── balanced-match@1.0.0
41 silly idealTree ├── base@0.11.2
41 silly idealTree ├── base64-arraybuffer@0.1.5
41 silly idealTree ├── base64id@2.0.0
41 silly idealTree ├── basic-auth@2.0.1
41 silly idealTree ├── bcrypt-pbkdf@1.0.2
41 silly idealTree ├── bcryptjs@2.4.3
41 silly idealTree ├── better-assert@1.0.2
41 silly idealTree ├── bignumber.js@7.2.1
41 silly idealTree ├── binary-extensions@1.13.1
41 silly idealTree ├── blob@0.0.5
41 silly idealTree ├── block-stream@0.0.9
41 silly idealTree ├── bluebird@3.7.2
41 silly idealTree ├─┬ body-parser@1.19.0
41 silly idealTree │ ├── http-errors@1.7.2
41 silly idealTree │ └── inherits@2.0.3
41 silly idealTree ├── bootstrap@4.3.1
41 silly idealTree ├─┬ boxen@1.3.0
41 silly idealTree │ ├── ansi-regex@3.0.0
41 silly idealTree │ ├── ansi-styles@3.2.1
41 silly idealTree │ ├── camelcase@4.1.0
41 silly idealTree │ ├── chalk@2.4.2
41 silly idealTree │ ├── is-fullwidth-code-point@2.0.0
41 silly idealTree │ ├── string-width@2.1.1
41 silly idealTree │ ├── strip-ansi@4.0.0
41 silly idealTree │ └── supports-color@5.5.0
41 silly idealTree ├── brace-expansion@1.1.11
41 silly idealTree ├── braces@2.3.2
41 silly idealTree ├── bytes@3.1.0
41 silly idealTree ├── cache-base@1.0.1
41 silly idealTree ├── callsite@1.0.0
41 silly idealTree ├── camelcase-keys@2.1.0
41 silly idealTree ├── camelcase@2.1.1
41 silly idealTree ├── capture-stack-trace@1.0.1
41 silly idealTree ├── caseless@0.12.0
41 silly idealTree ├── chalk@1.1.3
41 silly idealTree ├── chokidar@2.1.8
41 silly idealTree ├── ci-info@1.6.0
41 silly idealTree ├─┬ class-utils@0.3.6
41 silly idealTree │ └── define-property@0.2.5
41 silly idealTree ├── cli-boxes@1.0.0
41 silly idealTree ├── cli-color@1.4.0
41 silly idealTree ├── cliui@3.2.0
41 silly idealTree ├── cls-bluebird@2.1.0
41 silly idealTree ├── code-point-at@1.1.0
41 silly idealTree ├── collection-visit@1.0.0
41 silly idealTree ├── color-convert@1.9.3
41 silly idealTree ├── color-name@1.1.3
41 silly idealTree ├── combined-stream@1.0.8
41 silly idealTree ├── commander@2.20.3
41 silly idealTree ├── component-bind@1.0.0
41 silly idealTree ├── component-emitter@1.3.0
41 silly idealTree ├── component-inherit@0.0.3
41 silly idealTree ├── concat-map@0.0.1
41 silly idealTree ├── concat-with-sourcemaps@1.1.0
41 silly idealTree ├── config-chain@1.1.12
41 silly idealTree ├── configstore@3.1.2
41 silly idealTree ├── console-control-strings@1.1.0
41 silly idealTree ├── content-disposition@0.5.3
41 silly idealTree ├── content-type@1.0.4
41 silly idealTree ├── cookie-parser@1.4.4
41 silly idealTree ├── cookie-signature@1.0.6
41 silly idealTree ├── cookie@0.3.1
41 silly idealTree ├── copy-descriptor@0.1.1
41 silly idealTree ├── core-js@2.6.11
41 silly idealTree ├── core-util-is@1.0.2
41 silly idealTree ├── create-error-class@3.0.2
41 silly idealTree ├─┬ create-frame@1.0.0
41 silly idealTree │ └── define-property@0.2.5
41 silly idealTree ├─┬ cross-spawn@3.0.1
41 silly idealTree │ ├── lru-cache@4.1.5
41 silly idealTree │ └── yallist@2.1.2
41 silly idealTree ├── crypto-random-string@1.0.0
41 silly idealTree ├── csrf@3.1.0
41 silly idealTree ├── csurf@1.10.0
41 silly idealTree ├── currently-unhandled@0.4.1
41 silly idealTree ├── d@1.0.1
41 silly idealTree ├── dashdash@1.14.1
41 silly idealTree ├─┬ date.js@0.3.3
41 silly idealTree │ └── debug@3.1.0
41 silly idealTree ├── debug@2.6.9
41 silly idealTree ├── decamelize@1.2.0
41 silly idealTree ├── decode-uri-component@0.2.0
41 silly idealTree ├── deep-extend@0.6.0
41 silly idealTree ├─┬ default-compare@1.0.0
41 silly idealTree │ └── kind-of@5.1.0
41 silly idealTree ├── define-properties@1.1.3
41 silly idealTree ├─┬ define-property@1.0.0
41 silly idealTree │ ├── is-accessor-descriptor@1.0.0
41 silly idealTree │ ├── is-data-descriptor@1.0.0
41 silly idealTree │ └── is-descriptor@1.0.2
41 silly idealTree ├── delayed-stream@1.0.0
41 silly idealTree ├── delegates@1.0.0
41 silly idealTree ├── denque@1.4.1
41 silly idealTree ├── depd@1.1.2
41 silly idealTree ├── destroy@1.0.4
41 silly idealTree ├── dot-prop@4.2.0
41 silly idealTree ├── dottie@2.0.2
41 silly idealTree ├── duplexer3@0.1.4
41 silly idealTree ├── ecc-jsbn@0.1.2
41 silly idealTree ├─┬ editorconfig@0.15.3
41 silly idealTree │ ├── lru-cache@4.1.5
41 silly idealTree │ └── yallist@2.1.2
41 silly idealTree ├── ee-first@1.1.1
41 silly idealTree ├── emoji-regex@7.0.3
41 silly idealTree ├── encodeurl@1.0.2
41 silly idealTree ├─┬ engine.io-client@3.4.0
41 silly idealTree │ ├── component-emitter@1.2.1
41 silly idealTree │ ├── debug@4.1.1
41 silly idealTree │ ├── ms@2.1.2
41 silly idealTree │ └── ws@6.1.4
41 silly idealTree ├── engine.io-parser@2.2.0
41 silly idealTree ├─┬ engine.io@3.4.0
41 silly idealTree │ ├── debug@4.1.1
41 silly idealTree │ └── ms@2.1.2
41 silly idealTree ├── ent@2.2.0
41 silly idealTree ├── error-ex@1.3.2
41 silly idealTree ├── error-symbol@0.1.0
41 silly idealTree ├── es5-ext@0.10.53
41 silly idealTree ├── es6-iterator@2.0.3
41 silly idealTree ├── es6-symbol@3.1.3
41 silly idealTree ├── es6-weak-map@2.0.3
41 silly idealTree ├── escape-html@1.0.3
41 silly idealTree ├── escape-string-regexp@1.0.5
41 silly idealTree ├── etag@1.8.1
41 silly idealTree ├── event-emitter@0.3.5
41 silly idealTree ├─┬ execa@0.7.0
41 silly idealTree │ ├── cross-spawn@5.1.0
41 silly idealTree │ ├── lru-cache@4.1.5
41 silly idealTree │ └── yallist@2.1.2
41 silly idealTree ├─┬ expand-brackets@2.1.4
41 silly idealTree │ └── define-property@0.2.5
41 silly idealTree ├── express-handlebars@3.1.0
41 silly idealTree ├─┬ express-session@1.17.0
41 silly idealTree │ ├── cookie@0.4.0
41 silly idealTree │ ├── depd@2.0.0
41 silly idealTree │ └── safe-buffer@5.2.0
41 silly idealTree ├─┬ express@4.17.1
41 silly idealTree │ └── cookie@0.4.0
41 silly idealTree ├─┬ ext@1.4.0
41 silly idealTree │ └── type@2.0.0
41 silly idealTree ├── extend-shallow@2.0.1
41 silly idealTree ├── extend@3.0.2
41 silly idealTree ├── extglob@2.0.4
41 silly idealTree ├── extsprintf@1.3.0
41 silly idealTree ├─┬ falsey@0.3.2
41 silly idealTree │ └── kind-of@5.1.0
41 silly idealTree ├── fast-deep-equal@2.0.1
41 silly idealTree ├── fast-json-stable-stringify@2.0.0
41 silly idealTree ├─┬ fill-range@4.0.0
41 silly idealTree │ ├── is-number@3.0.0
41 silly idealTree │ └── kind-of@3.2.2
41 silly idealTree ├── finalhandler@1.1.2
41 silly idealTree ├── find-up@1.1.2
41 silly idealTree ├── for-in@1.0.2
41 silly idealTree ├── for-own@1.0.0
41 silly idealTree ├── forever-agent@0.6.1
41 silly idealTree ├── form-data@2.3.3
41 silly idealTree ├── forwarded@0.1.2
41 silly idealTree ├── fragment-cache@0.2.1
41 silly idealTree ├── fresh@0.5.2
41 silly idealTree ├── fs-exists-sync@0.1.0
41 silly idealTree ├── fs-extra@7.0.1
41 silly idealTree ├── fs.realpath@1.0.0
41 silly idealTree ├── fstream@1.0.12
41 silly idealTree ├── function-bind@1.1.1
41 silly idealTree ├── gauge@2.7.4
41 silly idealTree ├── gaze@1.1.3
41 silly idealTree ├── generate-function@2.3.1
41 silly idealTree ├── get-caller-file@1.0.3
41 silly idealTree ├─┬ get-object@0.2.0
41 silly idealTree │ ├── is-number@2.1.0
41 silly idealTree │ ├── isobject@0.2.0
41 silly idealTree │ └── kind-of@3.2.2
41 silly idealTree ├── get-stdin@4.0.1
41 silly idealTree ├── get-stream@3.0.0
41 silly idealTree ├── get-value@2.0.6
41 silly idealTree ├── getpass@0.1.7
41 silly idealTree ├─┬ glob-parent@3.1.0
41 silly idealTree │ └── is-glob@3.1.0
41 silly idealTree ├── glob@7.1.6
41 silly idealTree ├── global-dirs@0.1.1
41 silly idealTree ├── globule@1.2.1
41 silly idealTree ├── got@6.7.1
41 silly idealTree ├── graceful-fs@4.2.3
41 silly idealTree ├── gulp-header@1.8.12
41 silly idealTree ├── handlebars-helper-create-frame@0.1.0
41 silly idealTree ├── handlebars-helpers@0.10.0
41 silly idealTree ├── handlebars-utils@1.0.6
41 silly idealTree ├── handlebars@4.5.3
41 silly idealTree ├── har-schema@2.0.0
41 silly idealTree ├── har-validator@5.1.3
41 silly idealTree ├── has-ansi@2.0.0
41 silly idealTree ├─┬ has-binary2@1.0.3
41 silly idealTree │ └── isarray@2.0.1
41 silly idealTree ├── has-cors@1.1.0
41 silly idealTree ├── has-flag@3.0.0
41 silly idealTree ├── has-symbols@1.0.1
41 silly idealTree ├── has-unicode@2.0.1
41 silly idealTree ├── has-value@1.0.0
41 silly idealTree ├─┬ has-values@1.0.0
41 silly idealTree │ ├─┬ is-number@3.0.0
41 silly idealTree │ │ └── kind-of@3.2.2
41 silly idealTree │ └── kind-of@4.0.0
41 silly idealTree ├── helper-date@1.0.1
41 silly idealTree ├── helper-markdown@1.0.0
41 silly idealTree ├── helper-md@0.2.2
41 silly idealTree ├── highlight.js@9.17.0
41 silly idealTree ├── hosted-git-info@2.8.5
41 silly idealTree ├── html-tag@2.0.0
41 silly idealTree ├── http-errors@1.7.3
41 silly idealTree ├── http-signature@1.2.0
41 silly idealTree ├── iconv-lite@0.4.24
41 silly idealTree ├── ignore-by-default@1.0.1
41 silly idealTree ├── import-lazy@2.1.0
41 silly idealTree ├── imurmurhash@0.1.4
41 silly idealTree ├── in-publish@2.0.0
41 silly idealTree ├── indent-string@2.1.0
41 silly idealTree ├── indexof@0.0.1
41 silly idealTree ├── inflection@1.12.0
41 silly idealTree ├── inflight@1.0.6
41 silly idealTree ├── info-symbol@0.1.0
41 silly idealTree ├── inherits@2.0.4
41 silly idealTree ├── ini@1.3.5
41 silly idealTree ├── invert-kv@1.0.0
41 silly idealTree ├── ipaddr.js@1.9.0
41 silly idealTree ├─┬ is-accessor-descriptor@0.1.6
41 silly idealTree │ └── kind-of@3.2.2
41 silly idealTree ├── is-arrayish@0.2.1
41 silly idealTree ├── is-binary-path@1.0.1
41 silly idealTree ├── is-bluebird@1.0.2
41 silly idealTree ├── is-buffer@1.1.6
41 silly idealTree ├── is-ci@1.2.1
41 silly idealTree ├─┬ is-data-descriptor@0.1.4
41 silly idealTree │ └── kind-of@3.2.2
41 silly idealTree ├─┬ is-descriptor@0.1.6
41 silly idealTree │ └── kind-of@5.1.0
41 silly idealTree ├── is-even@1.0.0
41 silly idealTree ├── is-extendable@0.1.1
41 silly idealTree ├── is-extglob@2.1.1
41 silly idealTree ├── is-finite@1.0.2
41 silly idealTree ├── is-fullwidth-code-point@1.0.0
41 silly idealTree ├── is-glob@4.0.1
41 silly idealTree ├── is-installed-globally@0.1.0
41 silly idealTree ├── is-npm@1.0.0
41 silly idealTree ├── is-number@4.0.0
41 silly idealTree ├── is-obj@1.0.1
41 silly idealTree ├─┬ is-odd@0.1.2
41 silly idealTree │ ├── is-number@3.0.0
41 silly idealTree │ └── kind-of@3.2.2
41 silly idealTree ├── is-path-inside@1.0.1
41 silly idealTree ├── is-plain-object@2.0.4
41 silly idealTree ├── is-promise@2.1.0
41 silly idealTree ├── is-property@1.0.2
41 silly idealTree ├── is-redirect@1.0.0
41 silly idealTree ├── is-retry-allowed@1.2.0
41 silly idealTree ├── is-self-closing@1.0.1
41 silly idealTree ├── is-stream@1.1.0
41 silly idealTree ├── is-typedarray@1.0.0
41 silly idealTree ├── is-utf8@0.2.1
41 silly idealTree ├── is-windows@1.0.2
41 silly idealTree ├── isarray@1.0.0
41 silly idealTree ├── isexe@2.0.0
41 silly idealTree ├── isobject@3.0.1
41 silly idealTree ├── isstream@0.1.2
41 silly idealTree ├── jquery@3.4.1
41 silly idealTree ├── js-base64@2.5.1
41 silly idealTree ├─┬ js-beautify@1.10.2
41 silly idealTree │ └── nopt@4.0.1
41 silly idealTree ├── jsbn@0.1.1
41 silly idealTree ├── json-schema-traverse@0.4.1
41 silly idealTree ├── json-schema@0.2.3
41 silly idealTree ├── json-stringify-safe@5.0.1
41 silly idealTree ├── jsonfile@4.0.0
41 silly idealTree ├── jsprim@1.4.1
41 silly idealTree ├── kind-of@6.0.2
41 silly idealTree ├── latest-version@3.1.0
41 silly idealTree ├── lazy-cache@2.0.2
41 silly idealTree ├── lcid@1.0.0
41 silly idealTree ├── load-json-file@1.1.0
41 silly idealTree ├─┬ locate-path@3.0.0
41 silly idealTree │ └── path-exists@3.0.0
41 silly idealTree ├── lodash._reinterpolate@3.0.0
41 silly idealTree ├── lodash.template@4.5.0
41 silly idealTree ├── lodash.templatesettings@4.2.0
41 silly idealTree ├── lodash@4.17.15
41 silly idealTree ├── log-ok@0.1.1
41 silly idealTree ├── log-utils@0.2.1
41 silly idealTree ├── logging-helpers@1.0.0
41 silly idealTree ├── long@4.0.0
41 silly idealTree ├── loud-rejection@1.6.0
41 silly idealTree ├── lowercase-keys@1.0.1
41 silly idealTree ├── lru-cache@5.1.1
41 silly idealTree ├── lru-queue@0.1.0
41 silly idealTree ├─┬ make-dir@1.3.0
41 silly idealTree │ └── pify@3.0.0
41 silly idealTree ├── map-cache@0.2.2
41 silly idealTree ├── map-obj@1.0.1
41 silly idealTree ├── map-visit@1.0.0
41 silly idealTree ├── media-typer@0.3.0
41 silly idealTree ├── memoizee@0.4.14
41 silly idealTree ├─┬ meow@3.7.0
41 silly idealTree │ └── minimist@1.2.0
41 silly idealTree ├── merge-descriptors@1.0.1
41 silly idealTree ├── methods@1.1.2
41 silly idealTree ├─┬ micromatch@3.1.10
41 silly idealTree │ ├── define-property@2.0.2
41 silly idealTree │ ├── extend-shallow@3.0.2
41 silly idealTree │ ├── is-accessor-descriptor@1.0.0
41 silly idealTree │ ├── is-data-descriptor@1.0.0
41 silly idealTree │ ├── is-descriptor@1.0.2
41 silly idealTree │ └── is-extendable@1.0.1
41 silly idealTree ├── mime-db@1.42.0
41 silly idealTree ├── mime-types@2.1.25
41 silly idealTree ├── mime@1.6.0
41 silly idealTree ├── minimatch@3.0.4
41 silly idealTree ├── minimist@0.0.10
41 silly idealTree ├─┬ mixin-deep@1.3.2
41 silly idealTree │ └── is-extendable@1.0.1
41 silly idealTree ├─┬ mkdirp@0.5.1
41 silly idealTree │ └── minimist@0.0.8
41 silly idealTree ├── moment-timezone@0.5.27
41 silly idealTree ├── moment@2.24.0
41 silly idealTree ├── morgan@1.9.1
41 silly idealTree ├── ms@2.0.0
41 silly idealTree ├── mysql@2.17.1
41 silly idealTree ├─┬ mysql2@1.7.0
41 silly idealTree │ └── iconv-lite@0.5.0
41 silly idealTree ├─┬ named-placeholders@1.1.2
41 silly idealTree │ ├── lru-cache@4.1.5
41 silly idealTree │ └── yallist@2.1.2
41 silly idealTree ├── nan@2.14.0
41 silly idealTree ├─┬ nanomatch@1.2.13
41 silly idealTree │ ├── define-property@2.0.2
41 silly idealTree │ ├── extend-shallow@3.0.2
41 silly idealTree │ ├── is-accessor-descriptor@1.0.0
41 silly idealTree │ ├── is-data-descriptor@1.0.0
41 silly idealTree │ ├── is-descriptor@1.0.2
41 silly idealTree │ └── is-extendable@1.0.1
41 silly idealTree ├── negotiator@0.6.2
41 silly idealTree ├── neo-async@2.6.1
41 silly idealTree ├── next-tick@1.0.0
41 silly idealTree ├─┬ node-gyp@3.8.0
41 silly idealTree │ └── semver@5.3.0
41 silly idealTree ├── node-sass-middleware@0.11.0
41 silly idealTree ├── node-sass@4.13.0
41 silly idealTree ├─┬ nodemon@1.19.2
41 silly idealTree │ ├── debug@3.2.6
41 silly idealTree │ ├── ms@2.1.2
41 silly idealTree │ └── supports-color@5.5.0
41 silly idealTree ├── nopt@3.0.6
41 silly idealTree ├── normalize-package-data@2.5.0
41 silly idealTree ├── normalize-path@3.0.0
41 silly idealTree ├── npm-run-path@2.0.2
41 silly idealTree ├── npmlog@4.1.2
41 silly idealTree ├── number-is-nan@1.0.1
41 silly idealTree ├── oauth-sign@0.9.0
41 silly idealTree ├── object-assign@4.1.1
41 silly idealTree ├── object-component@0.0.3
41 silly idealTree ├─┬ object-copy@0.1.0
41 silly idealTree │ ├── define-property@0.2.5
41 silly idealTree │ └── kind-of@3.2.2
41 silly idealTree ├── object-keys@1.1.1
41 silly idealTree ├── object-visit@1.0.1
41 silly idealTree ├── object.assign@4.1.0
41 silly idealTree ├── object.pick@1.3.0
41 silly idealTree ├── on-finished@2.3.0
41 silly idealTree ├── on-headers@1.0.2
41 silly idealTree ├── once@1.4.0
41 silly idealTree ├── optimist@0.6.1
41 silly idealTree ├── os-homedir@1.0.2
41 silly idealTree ├── os-locale@1.4.0
41 silly idealTree ├── os-tmpdir@1.0.2
41 silly idealTree ├── osenv@0.1.5
41 silly idealTree ├── p-finally@1.0.0
41 silly idealTree ├── p-limit@2.2.1
41 silly idealTree ├── p-locate@3.0.0
41 silly idealTree ├── p-try@2.2.0
41 silly idealTree ├── package-json@4.0.1
41 silly idealTree ├── parse-json@2.2.0
41 silly idealTree ├── parseqs@0.0.5
41 silly idealTree ├── parseuri@0.0.5
41 silly idealTree ├── parseurl@1.3.3
41 silly idealTree ├── pascalcase@0.1.1
41 silly idealTree ├── path-dirname@1.0.2
41 silly idealTree ├── path-exists@2.1.0
41 silly idealTree ├── path-is-absolute@1.0.1
41 silly idealTree ├── path-is-inside@1.0.2
41 silly idealTree ├── path-key@2.0.1
41 silly idealTree ├── path-parse@1.0.6
41 silly idealTree ├── path-to-regexp@0.1.7
41 silly idealTree ├── path-type@1.1.0
41 silly idealTree ├── performance-now@2.1.0
41 silly idealTree ├── pify@2.3.0
41 silly idealTree ├── pinkie-promise@2.0.1
41 silly idealTree ├── pinkie@2.0.4
41 silly idealTree ├── popper.js@1.15.0
41 silly idealTree ├── posix-character-classes@0.1.1
41 silly idealTree ├── prepend-http@1.0.4
41 silly idealTree ├── process-nextick-args@2.0.1
41 silly idealTree ├── promise@8.0.3
41 silly idealTree ├── proto-list@1.2.4
41 silly idealTree ├── proxy-addr@2.0.5
41 silly idealTree ├── pseudomap@1.0.2
41 silly idealTree ├── psl@1.6.0
41 silly idealTree ├── pstree.remy@1.1.7
41 silly idealTree ├── punycode@2.1.1
41 silly idealTree ├── qs@6.7.0
41 silly idealTree ├── random-bytes@1.0.0
41 silly idealTree ├── range-parser@1.2.1
41 silly idealTree ├─┬ raw-body@2.4.0
41 silly idealTree │ ├── http-errors@1.7.2
41 silly idealTree │ └── inherits@2.0.3
41 silly idealTree ├─┬ rc@1.2.8
41 silly idealTree │ └── minimist@1.2.0
41 silly idealTree ├── read-pkg-up@1.0.1
41 silly idealTree ├── read-pkg@1.1.0
41 silly idealTree ├── readable-stream@2.3.6
41 silly idealTree ├── readdirp@2.2.1
41 silly idealTree ├── redent@1.0.0
41 silly idealTree ├── regenerator-runtime@0.11.1
41 silly idealTree ├─┬ regex-not@1.0.2
41 silly idealTree │ ├── extend-shallow@3.0.2
41 silly idealTree │ └── is-extendable@1.0.1
41 silly idealTree ├── registry-auth-token@3.4.0
41 silly idealTree ├── registry-url@3.1.0
41 silly idealTree ├─┬ relative@3.0.2
41 silly idealTree │ └── isobject@2.1.0
41 silly idealTree ├── remarkable@1.7.4
41 silly idealTree ├── remove-trailing-separator@1.1.0
41 silly idealTree ├── repeat-element@1.1.3
41 silly idealTree ├── repeat-string@1.6.1
41 silly idealTree ├── repeating@2.0.1
41 silly idealTree ├─┬ request@2.88.0
41 silly idealTree │ └── qs@6.5.2
41 silly idealTree ├── require-directory@2.1.1
41 silly idealTree ├── require-main-filename@1.0.1
41 silly idealTree ├── resolve-url@0.2.1
41 silly idealTree ├── resolve@1.13.1
41 silly idealTree ├── ret@0.1.15
41 silly idealTree ├── retry-as-promised@3.2.0
41 silly idealTree ├── rimraf@2.7.1
41 silly idealTree ├── rndm@1.2.0
41 silly idealTree ├── safe-buffer@5.1.2
41 silly idealTree ├── safe-regex@1.1.0
41 silly idealTree ├── safer-buffer@2.1.2
41 silly idealTree ├── sass-graph@2.2.4
41 silly idealTree ├── sass@1.22.12
41 silly idealTree ├─┬ scss-tokenizer@0.2.3
41 silly idealTree │ └── source-map@0.4.4
41 silly idealTree ├── self-closing-tags@1.0.1
41 silly idealTree ├── semver-diff@2.1.0
41 silly idealTree ├── semver@5.7.1
41 silly idealTree ├─┬ send@0.17.1
41 silly idealTree │ └── ms@2.1.1
41 silly idealTree ├── seq-queue@0.0.5
41 silly idealTree ├─┬ sequelize-cli@5.5.1
41 silly idealTree │ ├── ansi-regex@4.1.0
41 silly idealTree │ ├── ansi-styles@3.2.1
41 silly idealTree │ ├── camelcase@5.3.1
41 silly idealTree │ ├── cliui@5.0.0
41 silly idealTree │ ├── find-up@3.0.0
41 silly idealTree │ ├── get-caller-file@2.0.5
41 silly idealTree │ ├── is-fullwidth-code-point@2.0.0
41 silly idealTree │ ├── require-main-filename@2.0.0
41 silly idealTree │ ├── string-width@3.1.0
41 silly idealTree │ ├── strip-ansi@5.2.0
41 silly idealTree │ ├── which-module@2.0.0
41 silly idealTree │ ├── wrap-ansi@5.1.0
41 silly idealTree │ ├── y18n@4.0.0
41 silly idealTree │ ├── yargs-parser@13.1.1
41 silly idealTree │ └── yargs@13.3.0
41 silly idealTree ├── sequelize-pool@2.3.0
41 silly idealTree ├─┬ sequelize@5.21.2
41 silly idealTree │ ├── debug@4.1.1
41 silly idealTree │ ├── ms@2.1.2
41 silly idealTree │ └── semver@6.3.0
41 silly idealTree ├── serve-static@1.14.1
41 silly idealTree ├── set-blocking@2.0.0
41 silly idealTree ├── set-getter@0.1.0
41 silly idealTree ├── set-value@2.0.1
41 silly idealTree ├── setprototypeof@1.1.1
41 silly idealTree ├── shebang-command@1.2.0
41 silly idealTree ├── shebang-regex@1.0.0
41 silly idealTree ├── shimmer@1.2.1
41 silly idealTree ├── sigmund@1.0.1
41 silly idealTree ├── signal-exit@3.0.2
41 silly idealTree ├── snapdragon-node@2.1.1
41 silly idealTree ├─┬ snapdragon-util@3.0.1
41 silly idealTree │ └── kind-of@3.2.2
41 silly idealTree ├─┬ snapdragon@0.8.2
41 silly idealTree │ ├── define-property@0.2.5
41 silly idealTree │ └── source-map@0.5.7
41 silly idealTree ├── socket.io-adapter@1.1.2
41 silly idealTree ├─┬ socket.io-client@2.3.0
41 silly idealTree │ ├── component-emitter@1.2.1
41 silly idealTree │ ├── debug@4.1.1
41 silly idealTree │ ├── isarray@2.0.1
41 silly idealTree │ ├── ms@2.1.2
41 silly idealTree │ └─┬ socket.io-parser@3.3.0
41 silly idealTree │   ├── debug@3.1.0
41 silly idealTree │   └── ms@2.0.0
41 silly idealTree ├─┬ socket.io-parser@3.4.0
41 silly idealTree │ ├── component-emitter@1.2.1
41 silly idealTree │ ├── debug@4.1.1
41 silly idealTree │ ├── isarray@2.0.1
41 silly idealTree │ └── ms@2.1.2
41 silly idealTree ├─┬ socket.io@2.3.0
41 silly idealTree │ ├── debug@4.1.1
41 silly idealTree │ └── ms@2.1.2
41 silly idealTree ├── source-map-resolve@0.5.2
41 silly idealTree ├── source-map-url@0.4.0
41 silly idealTree ├── source-map@0.6.1
41 silly idealTree ├── spdx-correct@3.1.0
41 silly idealTree ├── spdx-exceptions@2.2.0
41 silly idealTree ├── spdx-expression-parse@3.0.0
41 silly idealTree ├── spdx-license-ids@3.0.5
41 silly idealTree ├─┬ split-string@3.1.0
41 silly idealTree │ ├── extend-shallow@3.0.2
41 silly idealTree │ └── is-extendable@1.0.1
41 silly idealTree ├── sprintf-js@1.0.3
41 silly idealTree ├── sqlstring@2.3.1
41 silly idealTree ├── sshpk@1.16.1
41 silly idealTree ├─┬ static-extend@0.1.2
41 silly idealTree │ └── define-property@0.2.5
41 silly idealTree ├── statuses@1.5.0
41 silly idealTree ├── stdout-stream@1.4.1
41 silly idealTree ├── string_decoder@1.1.1
41 silly idealTree ├── string-width@1.0.2
41 silly idealTree ├── strip-ansi@3.0.1
41 silly idealTree ├── strip-bom@2.0.0
41 silly idealTree ├── strip-eof@1.0.0
41 silly idealTree ├── strip-indent@1.0.1
41 silly idealTree ├── strip-json-comments@2.0.1
41 silly idealTree ├── striptags@3.1.1
41 silly idealTree ├── success-symbol@0.1.0
41 silly idealTree ├── supports-color@2.0.0
41 silly idealTree ├── tar@2.2.2
41 silly idealTree ├── term-size@1.2.0
41 silly idealTree ├── through2@2.0.5
41 silly idealTree ├── time-stamp@1.1.0
41 silly idealTree ├── timed-out@4.0.1
41 silly idealTree ├── timers-ext@0.1.7
41 silly idealTree ├── to-array@0.1.4
41 silly idealTree ├── to-gfm-code-block@0.1.1
41 silly idealTree ├─┬ to-object-path@0.3.0
41 silly idealTree │ └── kind-of@3.2.2
41 silly idealTree ├─┬ to-regex-range@2.1.1
41 silly idealTree │ ├── is-number@3.0.0
41 silly idealTree │ └── kind-of@3.2.2
41 silly idealTree ├─┬ to-regex@3.0.2
41 silly idealTree │ ├── define-property@2.0.2
41 silly idealTree │ ├── extend-shallow@3.0.2
41 silly idealTree │ ├── is-accessor-descriptor@1.0.0
41 silly idealTree │ ├── is-data-descriptor@1.0.0
41 silly idealTree │ ├── is-descriptor@1.0.2
41 silly idealTree │ └── is-extendable@1.0.1
41 silly idealTree ├── toidentifier@1.0.0
41 silly idealTree ├── toposort-class@1.0.1
41 silly idealTree ├─┬ touch@3.1.0
41 silly idealTree │ └── nopt@1.0.10
41 silly idealTree ├─┬ tough-cookie@2.4.3
41 silly idealTree │ └── punycode@1.4.1
41 silly idealTree ├── trim-newlines@1.0.0
41 silly idealTree ├── true-case-path@1.0.3
41 silly idealTree ├── tsscmp@1.0.6
41 silly idealTree ├── tunnel-agent@0.6.0
41 silly idealTree ├── tweetnacl@0.14.5
41 silly idealTree ├── type-is@1.6.18
41 silly idealTree ├── type@1.2.0
41 silly idealTree ├─┬ typeof-article@0.1.1
41 silly idealTree │ └── kind-of@3.2.2
41 silly idealTree ├── uglify-js@3.7.2
41 silly idealTree ├── uid-safe@2.1.5
41 silly idealTree ├── umzug@2.2.0
41 silly idealTree ├── undefsafe@2.0.2
41 silly idealTree ├── union-value@1.0.1
41 silly idealTree ├── unique-string@1.0.0
41 silly idealTree ├── universalify@0.1.2
41 silly idealTree ├── unpipe@1.0.0
41 silly idealTree ├─┬ unset-value@1.0.0
41 silly idealTree │ ├─┬ has-value@0.3.1
41 silly idealTree │ │ └── isobject@2.1.0
41 silly idealTree │ └── has-values@0.1.4
41 silly idealTree ├── unzip-response@2.0.1
41 silly idealTree ├── upath@1.2.0
41 silly idealTree ├─┬ update-notifier@2.5.0
41 silly idealTree │ ├── ansi-styles@3.2.1
41 silly idealTree │ ├── chalk@2.4.2
41 silly idealTree │ └── supports-color@5.5.0
41 silly idealTree ├── uri-js@4.2.2
41 silly idealTree ├── urix@0.1.0
41 silly idealTree ├── url-parse-lax@1.0.0
41 silly idealTree ├── use@3.1.1
41 silly idealTree ├── util-deprecate@1.0.2
41 silly idealTree ├── utils-merge@1.0.1
41 silly idealTree ├── uuid@3.3.3
41 silly idealTree ├── validate-npm-package-license@3.0.4
41 silly idealTree ├── validator@10.11.0
41 silly idealTree ├── vary@1.1.2
41 silly idealTree ├── verror@1.10.0
41 silly idealTree ├── warning-symbol@0.1.0
41 silly idealTree ├── which-module@1.0.0
41 silly idealTree ├── which@1.3.1
41 silly idealTree ├── wide-align@1.1.3
41 silly idealTree ├─┬ widest-line@2.0.1
41 silly idealTree │ ├── ansi-regex@3.0.0
41 silly idealTree │ ├── is-fullwidth-code-point@2.0.0
41 silly idealTree │ ├── string-width@2.1.1
41 silly idealTree │ └── strip-ansi@4.0.0
41 silly idealTree ├── wkx@0.4.8
41 silly idealTree ├── wordwrap@0.0.3
41 silly idealTree ├── wrap-ansi@2.1.0
41 silly idealTree ├── wrappy@1.0.2
41 silly idealTree ├── write-file-atomic@2.4.3
41 silly idealTree ├── ws@7.2.0
41 silly idealTree ├── xdg-basedir@3.0.0
41 silly idealTree ├── xmlhttprequest-ssl@1.5.5
41 silly idealTree ├── xtend@4.0.2
41 silly idealTree ├── y18n@3.2.1
41 silly idealTree ├── yallist@3.1.1
41 silly idealTree ├─┬ yargs-parser@5.0.0
41 silly idealTree │ └── camelcase@3.0.0
41 silly idealTree ├─┬ yargs@7.1.0
41 silly idealTree │ └── camelcase@3.0.0
41 silly idealTree ├── year@0.2.1
41 silly idealTree └── yeast@0.1.2
42 silly generateActionsToTake Starting
43 silly install generateActionsToTake
44 silly generateActionsToTake Finishing
45 silly diffTrees action count 0
46 silly decomposeActions action count 0
47 silly executeActions Starting
48 silly install executeActions
49 silly doSerial global-install 0
50 silly doParallel fetch 0
51 verbose lock using /home/nikolas/.npm/_locks/staging-cfdeb603338c8327.lock for /home/nikolas/Documentos/Nickolas - Projeto PW2 - Sem Jogo/mychess/node_modules/.staging
52 verbose unlock done using /home/nikolas/.npm/_locks/staging-cfdeb603338c8327.lock for /home/nikolas/Documentos/Nickolas - Projeto PW2 - Sem Jogo/mychess/node_modules/.staging
53 silly rollbackFailedOptional Starting
54 silly rollbackFailedOptional Finishing
55 silly runTopLevelLifecycles Starting
56 silly runTopLevelLifecycles Finishing
57 silly install printInstalled
58 warn optional Skipping failed optional dependency /chokidar/fsevents:
59 warn notsup Not compatible with your operating system or architecture: fsevents@1.2.9
60 warn appxadrez@1.0.0 No description
61 warn appxadrez@1.0.0 No repository field.
62 verbose stack Error: EACCES: permission denied, mkdir '/home/nikolas/Documentos/Nickolas - Projeto PW2 - Sem Jogo/mychess/node_modules/.staging'
63 verbose cwd /home/nikolas/Documentos/Nickolas - Projeto PW2 - Sem Jogo/mychess
64 error Linux 4.15.0-54-generic
65 error argv "/usr/bin/node" "/usr/bin/npm" "install"
66 error node v8.10.0
67 error npm  v3.5.2
68 error path /home/nikolas/Documentos/Nickolas - Projeto PW2 - Sem Jogo/mychess/node_modules/.staging
69 error code EACCES
70 error errno -13
71 error syscall mkdir
72 error Error: EACCES: permission denied, mkdir '/home/nikolas/Documentos/Nickolas - Projeto PW2 - Sem Jogo/mychess/node_modules/.staging'
72 error  { Error: EACCES: permission denied, mkdir '/home/nikolas/Documentos/Nickolas - Projeto PW2 - Sem Jogo/mychess/node_modules/.staging'
72 error   errno: -13,
72 error   code: 'EACCES',
72 error   syscall: 'mkdir',
72 error   path: '/home/nikolas/Documentos/Nickolas - Projeto PW2 - Sem Jogo/mychess/node_modules/.staging' }
73 error Please try running this command again as root/Administrator.
74 verbose exit [ -13, true ]
